{"meta": {"format": 3, "version": "7.13.4", "timestamp": "2026-03-06T11:29:18.785809", "branch_coverage": false, "show_contexts": false}, "files": {"xiaopaw/__init__.py": {"executed_lines": [], "summary": {"covered_lines": 0, "num_statements": 0, "percent_covered": 100.0, "percent_covered_display": "100", "missing_lines": 0, "excluded_lines": 0, "percent_statements_covered": 100.0, "percent_statements_covered_display": "100"}, "missing_lines": [], "excluded_lines": [], "functions": {"": {"executed_lines": [], "summary": {"covered_lines": 0, "num_statements": 0, "percent_covered": 100.0, "percent_covered_display": "100", "missing_lines": 0, "excluded_lines": 0, "percent_statements_covered": 100.0, "percent_statements_covered_display": "100"}, "missing_lines": [], "excluded_lines": [], "start_line": 1}}, "classes": {"": {"executed_lines": [], "summary": {"covered_lines": 0, "num_statements": 0, "percent_covered": 100.0, "percent_covered_display": "100", "missing_lines": 0, "excluded_lines": 0, "percent_statements_covered": 100.0, "percent_statements_covered_display": "100"}, "missing_lines": [], "excluded_lines": [], "start_line": 1}}}, "xiaopaw/agents/__init__.py": {"executed_lines": [1, 3, 5], "summary": {"covered_lines": 3, "num_statements": 3, "percent_covered": 100.0, "percent_covered_display": "100", "missing_lines": 0, "excluded_lines": 0, "percent_statements_covered": 100.0, "percent_statements_covered_display": "100"}, "missing_lines": [], "excluded_lines": [], "functions": {"": {"executed_lines": [1, 3, 5], "summary": {"covered_lines": 3, "num_statements": 3, "percent_covered": 100.0, "percent_covered_display": "100", "missing_lines": 0, "excluded_lines": 0, "percent_statements_covered": 100.0, "percent_statements_covered_display": "100"}, "missing_lines": [], "excluded_lines": [], "start_line": 1}}, "classes": {"": {"executed_lines": [1, 3, 5], "summary": {"covered_lines": 3, "num_statements": 3, "percent_covered": 100.0, "percent_covered_display": "100", "missing_lines": 0, "excluded_lines": 0, "percent_statements_covered": 100.0, "percent_statements_covered_display": "100"}, "missing_lines": [], "excluded_lines": [], "start_line": 1}}}, "xiaopaw/agents/main_crew.py": {"executed_lines": [15, 17, 18, 19, 21, 22, 23, 25, 26, 27, 28, 29, 30, 32, 34, 35, 41, 54, 55, 57, 58, 60, 61, 66, 68, 69, 70, 75, 81, 91, 92, 93, 95, 96, 97, 99, 100, 101, 102, 107, 113, 114, 117, 131, 132, 134, 137, 138, 139, 141, 142, 143, 144, 147, 149, 156, 157, 163, 175, 191, 199, 202, 208, 216, 217, 218, 220], "summary": {"covered_lines": 67, "num_statements": 69, "percent_covered": 97.10144927536231, "percent_covered_display": "97", "missing_lines": 2, "excluded_lines": 0, "percent_statements_covered": 97.10144927536231, "percent_statements_covered_display": "97"}, "missing_lines": [145, 146], "excluded_lines": [], "functions": {"_format_history": {"executed_lines": [54, 55, 57, 58, 60, 61, 66, 68, 69, 70, 75], "summary": {"covered_lines": 11, "num_statements": 11, "percent_covered": 100.0, "percent_covered_display": "100", "missing_lines": 0, "excluded_lines": 0, "percent_statements_covered": 100.0, "percent_statements_covered_display": "100"}, "missing_lines": [], "excluded_lines": [], "start_line": 41}, "_make_step_callback": {"executed_lines": [91, 107], "summary": {"covered_lines": 2, "num_statements": 2, "percent_covered": 100.0, "percent_covered_display": "100", "missing_lines": 0, "excluded_lines": 0, "percent_statements_covered": 100.0, "percent_statements_covered_display": "100"}, "missing_lines": [], "excluded_lines": [], "start_line": 81}, "_make_step_callback.callback": {"executed_lines": [92, 93, 95, 96, 97, 99, 100, 101, 102], "summary": {"covered_lines": 9, "num_statements": 9, "percent_covered": 100.0, "percent_covered_display": "100", "missing_lines": 0, "excluded_lines": 0, "percent_statements_covered": 100.0, "percent_statements_covered_display": "100"}, "missing_lines": [], "excluded_lines": [], "start_line": 91}, "_load_yaml": {"executed_lines": [114], "summary": {"covered_lines": 1, "num_statements": 1, "percent_covered": 100.0, "percent_covered_display": "100", "missing_lines": 0, "excluded_lines": 0, "percent_statements_covered": 100.0, "percent_statements_covered_display": "100"}, "missing_lines": [], "excluded_lines": [], "start_line": 113}, "_build_crew": {"executed_lines": [131, 132, 134, 137, 138, 139, 141, 142, 143, 144, 147, 149, 156, 157, 163], "summary": {"covered_lines": 15, "num_statements": 17, "percent_covered": 88.23529411764706, "percent_covered_display": "88", "missing_lines": 2, "excluded_lines": 0, "percent_statements_covered": 88.23529411764706, "percent_statements_covered_display": "88"}, "missing_lines": [145, 146], "excluded_lines": [], "start_line": 117}, "build_agent_fn": {"executed_lines": [191, 220], "summary": {"covered_lines": 2, "num_statements": 2, "percent_covered": 100.0, "percent_covered_display": "100", "missing_lines": 0, "excluded_lines": 0, "percent_statements_covered": 100.0, "percent_statements_covered_display": "100"}, "missing_lines": [], "excluded_lines": [], "start_line": 175}, "build_agent_fn.agent_fn": {"executed_lines": [199, 202, 208, 216, 217, 218], "summary": {"covered_lines": 6, "num_statements": 6, "percent_covered": 100.0, "percent_covered_display": "100", "missing_lines": 0, "excluded_lines": 0, "percent_statements_covered": 100.0, "percent_statements_covered_display": "100"}, "missing_lines": [], "excluded_lines": [], "start_line": 191}, "": {"executed_lines": [15, 17, 18, 19, 21, 22, 23, 25, 26, 27, 28, 29, 30, 32, 34, 35, 41, 81, 113, 117, 175], "summary": {"covered_lines": 21, "num_statements": 21, "percent_covered": 100.0, "percent_covered_display": "100", "missing_lines": 0, "excluded_lines": 0, "percent_statements_covered": 100.0, "percent_statements_covered_display": "100"}, "missing_lines": [], "excluded_lines": [], "start_line": 1}}, "classes": {"": {"executed_lines": [15, 17, 18, 19, 21, 22, 23, 25, 26, 27, 28, 29, 30, 32, 34, 35, 41, 54, 55, 57, 58, 60, 61, 66, 68, 69, 70, 75, 81, 91, 92, 93, 95, 96, 97, 99, 100, 101, 102, 107, 113, 114, 117, 131, 132, 134, 137, 138, 139, 141, 142, 143, 144, 147, 149, 156, 157, 163, 175, 191, 199, 202, 208, 216, 217, 218, 220], "summary": {"covered_lines": 67, "num_statements": 69, "percent_covered": 97.10144927536231, "percent_covered_display": "97", "missing_lines": 2, "excluded_lines": 0, "percent_statements_covered": 97.10144927536231, "percent_statements_covered_display": "97"}, "missing_lines": [145, 146], "excluded_lines": [], "start_line": 1}}}, "xiaopaw/agents/models.py": {"executed_lines": [3, 5, 8, 11, 12], "summary": {"covered_lines": 5, "num_statements": 5, "percent_covered": 100.0, "percent_covered_display": "100", "missing_lines": 0, "excluded_lines": 0, "percent_statements_covered": 100.0, "percent_statements_covered_display": "100"}, "missing_lines": [], "excluded_lines": [], "functions": {"": {"executed_lines": [3, 5, 8, 11, 12], "summary": {"covered_lines": 5, "num_statements": 5, "percent_covered": 100.0, "percent_covered_display": "100", "missing_lines": 0, "excluded_lines": 0, "percent_statements_covered": 100.0, "percent_statements_covered_display": "100"}, "missing_lines": [], "excluded_lines": [], "start_line": 1}}, "classes": {"MainTaskOutput": {"executed_lines": [], "summary": {"covered_lines": 0, "num_statements": 0, "percent_covered": 100.0, "percent_covered_display": "100", "missing_lines": 0, "excluded_lines": 0, "percent_statements_covered": 100.0, "percent_statements_covered_display": "100"}, "missing_lines": [], "excluded_lines": [], "start_line": 8}, "": {"executed_lines": [3, 5, 8, 11, 12], "summary": {"covered_lines": 5, "num_statements": 5, "percent_covered": 100.0, "percent_covered_display": "100", "missing_lines": 0, "excluded_lines": 0, "percent_statements_covered": 100.0, "percent_statements_covered_display": "100"}, "missing_lines": [], "excluded_lines": [], "start_line": 1}}}, "xiaopaw/agents/skill_crew.py": {"executed_lines": [13, 15, 17, 18, 19, 21, 23, 28, 31, 41, 64, 69, 71, 75, 93, 112], "summary": {"covered_lines": 16, "num_statements": 16, "percent_covered": 100.0, "percent_covered_display": "100", "missing_lines": 0, "excluded_lines": 0, "percent_statements_covered": 100.0, "percent_statements_covered_display": "100"}, "missing_lines": [], "excluded_lines": [], "functions": {"build_skill_crew": {"executed_lines": [64, 69, 71, 75, 93, 112], "summary": {"covered_lines": 6, "num_statements": 6, "percent_covered": 100.0, "percent_covered_display": "100", "missing_lines": 0, "excluded_lines": 0, "percent_statements_covered": 100.0, "percent_statements_covered_display": "100"}, "missing_lines": [], "excluded_lines": [], "start_line": 41}, "": {"executed_lines": [13, 15, 17, 18, 19, 21, 23, 28, 31, 41], "summary": {"covered_lines": 10, "num_statements": 10, "percent_covered": 100.0, "percent_covered_display": "100", "missing_lines": 0, "excluded_lines": 0, "percent_statements_covered": 100.0, "percent_statements_covered_display": "100"}, "missing_lines": [], "excluded_lines": [], "start_line": 1}}, "classes": {"": {"executed_lines": [13, 15, 17, 18, 19, 21, 23, 28, 31, 41, 64, 69, 71, 75, 93, 112], "summary": {"covered_lines": 16, "num_statements": 16, "percent_covered": 100.0, "percent_covered_display": "100", "missing_lines": 0, "excluded_lines": 0, "percent_statements_covered": 100.0, "percent_statements_covered_display": "100"}, "missing_lines": [], "excluded_lines": [], "start_line": 1}}}, "xiaopaw/api/__init__.py": {"executed_lines": [], "summary": {"covered_lines": 0, "num_statements": 0, "percent_covered": 100.0, "percent_covered_display": "100", "missing_lines": 0, "excluded_lines": 0, "percent_statements_covered": 100.0, "percent_statements_covered_display": "100"}, "missing_lines": [], "excluded_lines": [], "functions": {"": {"executed_lines": [], "summary": {"covered_lines": 0, "num_statements": 0, "percent_covered": 100.0, "percent_covered_display": "100", "missing_lines": 0, "excluded_lines": 0, "percent_statements_covered": 100.0, "percent_statements_covered_display": "100"}, "missing_lines": [], "excluded_lines": [], "start_line": 1}}, "classes": {"": {"executed_lines": [], "summary": {"covered_lines": 0, "num_statements": 0, "percent_covered": 100.0, "percent_covered_display": "100", "missing_lines": 0, "excluded_lines": 0, "percent_statements_covered": 100.0, "percent_statements_covered_display": "100"}, "missing_lines": [], "excluded_lines": [], "start_line": 1}}}, "xiaopaw/api/capture_sender.py": {"executed_lines": [3, 5, 8, 19, 20, 22, 24, 25, 26, 28, 32, 33, 34, 36, 38, 39, 40, 41], "summary": {"covered_lines": 18, "num_statements": 18, "percent_covered": 100.0, "percent_covered_display": "100", "missing_lines": 0, "excluded_lines": 0, "percent_statements_covered": 100.0, "percent_statements_covered_display": "100"}, "missing_lines": [], "excluded_lines": [], "functions": {"CaptureSender.__init__": {"executed_lines": [20], "summary": {"covered_lines": 1, "num_statements": 1, "percent_covered": 100.0, "percent_covered_display": "100", "missing_lines": 0, "excluded_lines": 0, "percent_statements_covered": 100.0, "percent_statements_covered_display": "100"}, "missing_lines": [], "excluded_lines": [], "start_line": 19}, "CaptureSender.register": {"executed_lines": [24, 25, 26], "summary": {"covered_lines": 3, "num_statements": 3, "percent_covered": 100.0, "percent_covered_display": "100", "missing_lines": 0, "excluded_lines": 0, "percent_statements_covered": 100.0, "percent_statements_covered_display": "100"}, "missing_lines": [], "excluded_lines": [], "start_line": 22}, "CaptureSender.send": {"executed_lines": [32, 33, 34], "summary": {"covered_lines": 3, "num_statements": 3, "percent_covered": 100.0, "percent_covered_display": "100", "missing_lines": 0, "excluded_lines": 0, "percent_statements_covered": 100.0, "percent_statements_covered_display": "100"}, "missing_lines": [], "excluded_lines": [], "start_line": 28}, "CaptureSender.wait_for_reply": {"executed_lines": [38, 39, 40, 41], "summary": {"covered_lines": 4, "num_statements": 4, "percent_covered": 100.0, "percent_covered_display": "100", "missing_lines": 0, "excluded_lines": 0, "percent_statements_covered": 100.0, "percent_statements_covered_display": "100"}, "missing_lines": [], "excluded_lines": [], "start_line": 36}, "": {"executed_lines": [3, 5, 8, 19, 22, 28, 36], "summary": {"covered_lines": 7, "num_statements": 7, "percent_covered": 100.0, "percent_covered_display": "100", "missing_lines": 0, "excluded_lines": 0, "percent_statements_covered": 100.0, "percent_statements_covered_display": "100"}, "missing_lines": [], "excluded_lines": [], "start_line": 1}}, "classes": {"CaptureSender": {"executed_lines": [20, 24, 25, 26, 32, 33, 34, 38, 39, 40, 41], "summary": {"covered_lines": 11, "num_statements": 11, "percent_covered": 100.0, "percent_covered_display": "100", "missing_lines": 0, "excluded_lines": 0, "percent_statements_covered": 100.0, "percent_statements_covered_display": "100"}, "missing_lines": [], "excluded_lines": [], "start_line": 8}, "": {"executed_lines": [3, 5, 8, 19, 22, 28, 36], "summary": {"covered_lines": 7, "num_statements": 7, "percent_covered": 100.0, "percent_covered_display": "100", "missing_lines": 0, "excluded_lines": 0, "percent_statements_covered": 100.0, "percent_statements_covered_display": "100"}, "missing_lines": [], "excluded_lines": [], "start_line": 1}}}, "xiaopaw/api/schemas.py": {"executed_lines": [], "summary": {"covered_lines": 0, "num_statements": 17, "percent_covered": 0.0, "percent_covered_display": "0", "missing_lines": 17, "excluded_lines": 0, "percent_statements_covered": 0.0, "percent_statements_covered_display": "0"}, "missing_lines": [3, 5, 8, 11, 12, 15, 18, 19, 20, 21, 22, 25, 28, 29, 30, 31, 32], "excluded_lines": [], "functions": {"": {"executed_lines": [], "summary": {"covered_lines": 0, "num_statements": 17, "percent_covered": 0.0, "percent_covered_display": "0", "missing_lines": 17, "excluded_lines": 0, "percent_statements_covered": 0.0, "percent_statements_covered_display": "0"}, "missing_lines": [3, 5, 8, 11, 12, 15, 18, 19, 20, 21, 22, 25, 28, 29, 30, 31, 32], "excluded_lines": [], "start_line": 1}}, "classes": {"TestAttachment": {"executed_lines": [], "summary": {"covered_lines": 0, "num_statements": 0, "percent_covered": 100.0, "percent_covered_display": "100", "missing_lines": 0, "excluded_lines": 0, "percent_statements_covered": 100.0, "percent_statements_covered_display": "100"}, "missing_lines": [], "excluded_lines": [], "start_line": 8}, "TestRequest": {"executed_lines": [], "summary": {"covered_lines": 0, "num_statements": 0, "percent_covered": 100.0, "percent_covered_display": "100", "missing_lines": 0, "excluded_lines": 0, "percent_statements_covered": 100.0, "percent_statements_covered_display": "100"}, "missing_lines": [], "excluded_lines": [], "start_line": 15}, "TestResponse": {"executed_lines": [], "summary": {"covered_lines": 0, "num_statements": 0, "percent_covered": 100.0, "percent_covered_display": "100", "missing_lines": 0, "excluded_lines": 0, "percent_statements_covered": 100.0, "percent_statements_covered_display": "100"}, "missing_lines": [], "excluded_lines": [], "start_line": 25}, "": {"executed_lines": [], "summary": {"covered_lines": 0, "num_statements": 17, "percent_covered": 0.0, "percent_covered_display": "0", "missing_lines": 17, "excluded_lines": 0, "percent_statements_covered": 0.0, "percent_statements_covered_display": "0"}, "missing_lines": [3, 5, 8, 11, 12, 15, 18, 19, 20, 21, 22, 25, 28, 29, 30, 31, 32], "excluded_lines": [], "start_line": 1}}}, "xiaopaw/api/test_server.py": {"executed_lines": [], "summary": {"covered_lines": 0, "num_statements": 72, "percent_covered": 0.0, "percent_covered_display": "0", "missing_lines": 72, "excluded_lines": 0, "percent_statements_covered": 0.0, "percent_statements_covered_display": "0"}, "missing_lines": [6, 8, 9, 10, 11, 13, 14, 16, 17, 18, 19, 20, 26, 28, 29, 30, 33, 39, 40, 41, 42, 43, 45, 46, 48, 51, 52, 53, 54, 55, 56, 57, 58, 59, 60, 61, 62, 65, 66, 67, 68, 70, 71, 73, 82, 83, 86, 88, 89, 90, 93, 94, 95, 96, 97, 99, 106, 107, 108, 111, 114, 115, 116, 117, 118, 119, 120, 121, 122, 123, 124, 125], "excluded_lines": [], "functions": {"create_test_app": {"executed_lines": [], "summary": {"covered_lines": 0, "num_statements": 8, "percent_covered": 0.0, "percent_covered_display": "0", "missing_lines": 8, "excluded_lines": 0, "percent_statements_covered": 0.0, "percent_statements_covered_display": "0"}, "missing_lines": [39, 40, 41, 42, 43, 45, 46, 48], "excluded_lines": [], "start_line": 33}, "_handle_message": {"executed_lines": [], "summary": {"covered_lines": 0, "num_statements": 34, "percent_covered": 0.0, "percent_covered_display": "0", "missing_lines": 34, "excluded_lines": 0, "percent_statements_covered": 0.0, "percent_statements_covered_display": "0"}, "missing_lines": [52, 53, 54, 55, 56, 57, 58, 59, 60, 61, 62, 65, 66, 67, 68, 70, 71, 73, 82, 83, 86, 88, 89, 90, 93, 94, 95, 96, 97, 99, 106, 107, 108, 111], "excluded_lines": [], "start_line": 51}, "_handle_delete_sessions": {"executed_lines": [], "summary": {"covered_lines": 0, "num_statements": 11, "percent_covered": 0.0, "percent_covered_display": "0", "missing_lines": 11, "excluded_lines": 0, "percent_statements_covered": 0.0, "percent_statements_covered_display": "0"}, "missing_lines": [115, 116, 117, 118, 119, 120, 121, 122, 123, 124, 125], "excluded_lines": [], "start_line": 114}, "": {"executed_lines": [], "summary": {"covered_lines": 0, "num_statements": 19, "percent_covered": 0.0, "percent_covered_display": "0", "missing_lines": 19, "excluded_lines": 0, "percent_statements_covered": 0.0, "percent_statements_covered_display": "0"}, "missing_lines": [6, 8, 9, 10, 11, 13, 14, 16, 17, 18, 19, 20, 26, 28, 29, 30, 33, 51, 114], "excluded_lines": [], "start_line": 1}}, "classes": {"": {"executed_lines": [], "summary": {"covered_lines": 0, "num_statements": 72, "percent_covered": 0.0, "percent_covered_display": "0", "missing_lines": 72, "excluded_lines": 0, "percent_statements_covered": 0.0, "percent_statements_covered_display": "0"}, "missing_lines": [6, 8, 9, 10, 11, 13, 14, 16, 17, 18, 19, 20, 26, 28, 29, 30, 33, 39, 40, 41, 42, 43, 45, 46, 48, 51, 52, 53, 54, 55, 56, 57, 58, 59, 60, 61, 62, 65, 66, 67, 68, 70, 71, 73, 82, 83, 86, 88, 89, 90, 93, 94, 95, 96, 97, 99, 106, 107, 108, 111, 114, 115, 116, 117, 118, 119, 120, 121, 122, 123, 124, 125], "excluded_lines": [], "start_line": 1}}}, "xiaopaw/cleanup/__init__.py": {"executed_lines": [], "summary": {"covered_lines": 0, "num_statements": 0, "percent_covered": 100.0, "percent_covered_display": "100", "missing_lines": 0, "excluded_lines": 0, "percent_statements_covered": 100.0, "percent_statements_covered_display": "100"}, "missing_lines": [], "excluded_lines": [], "functions": {"": {"executed_lines": [], "summary": {"covered_lines": 0, "num_statements": 0, "percent_covered": 100.0, "percent_covered_display": "100", "missing_lines": 0, "excluded_lines": 0, "percent_statements_covered": 100.0, "percent_statements_covered_display": "100"}, "missing_lines": [], "excluded_lines": [], "start_line": 1}}, "classes": {"": {"executed_lines": [], "summary": {"covered_lines": 0, "num_statements": 0, "percent_covered": 100.0, "percent_covered_display": "100", "missing_lines": 0, "excluded_lines": 0, "percent_statements_covered": 100.0, "percent_statements_covered_display": "100"}, "missing_lines": [], "excluded_lines": [], "start_line": 1}}}, "xiaopaw/cleanup/service.py": {"executed_lines": [17, 19, 20, 21, 22, 23, 24, 25, 27, 30, 31, 35, 44, 47, 55, 60, 61, 62, 66, 68, 69, 70, 74, 75, 76, 79, 80, 81, 83, 84, 85, 87, 88, 91, 92, 93, 94, 95, 96, 97, 98, 99, 100, 103, 105, 106, 107, 109, 110, 112, 117, 118, 121, 122, 123, 124, 125, 126, 127, 128, 129, 131, 132, 133, 137, 141, 143, 144, 145, 147, 153, 155, 156, 157, 159, 160, 163, 164, 165, 166, 168, 169], "summary": {"covered_lines": 82, "num_statements": 88, "percent_covered": 93.18181818181819, "percent_covered_display": "93", "missing_lines": 6, "excluded_lines": 0, "percent_statements_covered": 93.18181818181819, "percent_statements_covered_display": "93"}, "missing_lines": [86, 101, 102, 119, 134, 135], "excluded_lines": [], "functions": {"CleanupService.__init__": {"executed_lines": [60, 61, 62], "summary": {"covered_lines": 3, "num_statements": 3, "percent_covered": 100.0, "percent_covered_display": "100", "missing_lines": 0, "excluded_lines": 0, "percent_statements_covered": 100.0, "percent_statements_covered_display": "100"}, "missing_lines": [], "excluded_lines": [], "start_line": 55}, "CleanupService.sweep": {"executed_lines": [68, 69, 70], "summary": {"covered_lines": 3, "num_statements": 3, "percent_covered": 100.0, "percent_covered_display": "100", "missing_lines": 0, "excluded_lines": 0, "percent_statements_covered": 100.0, "percent_statements_covered_display": "100"}, "missing_lines": [], "excluded_lines": [], "start_line": 66}, "CleanupService._sync_sweep": {"executed_lines": [75, 76, 79, 80, 81, 83, 84, 85, 87, 88, 91, 92, 93, 94, 95, 96, 97, 98, 99, 100, 103, 105, 106, 107, 109, 110], "summary": {"covered_lines": 26, "num_statements": 29, "percent_covered": 89.65517241379311, "percent_covered_display": "90", "missing_lines": 3, "excluded_lines": 0, "percent_statements_covered": 89.65517241379311, "percent_statements_covered_display": "90"}, "missing_lines": [86, 101, 102], "excluded_lines": [], "start_line": 74}, "CleanupService._clean_dir_by_mtime": {"executed_lines": [117, 118, 121, 122, 123, 124, 125, 126, 127, 128, 129, 131, 132, 133, 137], "summary": {"covered_lines": 15, "num_statements": 18, "percent_covered": 83.33333333333333, "percent_covered_display": "83", "missing_lines": 3, "excluded_lines": 0, "percent_statements_covered": 83.33333333333333, "percent_statements_covered_display": "83"}, "missing_lines": [119, 134, 135], "excluded_lines": [], "start_line": 112}, "CleanupService.ensure_workspace_dirs": {"executed_lines": [143, 144, 145], "summary": {"covered_lines": 3, "num_statements": 3, "percent_covered": 100.0, "percent_covered_display": "100", "missing_lines": 0, "excluded_lines": 0, "percent_statements_covered": 100.0, "percent_statements_covered_display": "100"}, "missing_lines": [], "excluded_lines": [], "start_line": 141}, "CleanupService.write_feishu_credentials": {"executed_lines": [153, 155, 156, 157, 159, 160, 163, 164, 165, 166, 168, 169], "summary": {"covered_lines": 12, "num_statements": 12, "percent_covered": 100.0, "percent_covered_display": "100", "missing_lines": 0, "excluded_lines": 0, "percent_statements_covered": 100.0, "percent_statements_covered_display": "100"}, "missing_lines": [], "excluded_lines": [], "start_line": 147}, "": {"executed_lines": [17, 19, 20, 21, 22, 23, 24, 25, 27, 30, 31, 35, 44, 47, 55, 66, 74, 112, 141, 147], "summary": {"covered_lines": 20, "num_statements": 20, "percent_covered": 100.0, "percent_covered_display": "100", "missing_lines": 0, "excluded_lines": 0, "percent_statements_covered": 100.0, "percent_statements_covered_display": "100"}, "missing_lines": [], "excluded_lines": [], "start_line": 1}}, "classes": {"CleanupPolicy": {"executed_lines": [], "summary": {"covered_lines": 0, "num_statements": 0, "percent_covered": 100.0, "percent_covered_display": "100", "missing_lines": 0, "excluded_lines": 0, "percent_statements_covered": 100.0, "percent_statements_covered_display": "100"}, "missing_lines": [], "excluded_lines": [], "start_line": 31}, "CleanupService": {"executed_lines": [60, 61, 62, 68, 69, 70, 75, 76, 79, 80, 81, 83, 84, 85, 87, 88, 91, 92, 93, 94, 95, 96, 97, 98, 99, 100, 103, 105, 106, 107, 109, 110, 117, 118, 121, 122, 123, 124, 125, 126, 127, 128, 129, 131, 132, 133, 137, 143, 144, 145, 153, 155, 156, 157, 159, 160, 163, 164, 165, 166, 168, 169], "summary": {"covered_lines": 62, "num_statements": 68, "percent_covered": 91.17647058823529, "percent_covered_display": "91", "missing_lines": 6, "excluded_lines": 0, "percent_statements_covered": 91.17647058823529, "percent_statements_covered_display": "91"}, "missing_lines": [86, 101, 102, 119, 134, 135], "excluded_lines": [], "start_line": 47}, "": {"executed_lines": [17, 19, 20, 21, 22, 23, 24, 25, 27, 30, 31, 35, 44, 47, 55, 66, 74, 112, 141, 147], "summary": {"covered_lines": 20, "num_statements": 20, "percent_covered": 100.0, "percent_covered_display": "100", "missing_lines": 0, "excluded_lines": 0, "percent_statements_covered": 100.0, "percent_statements_covered_display": "100"}, "missing_lines": [], "excluded_lines": [], "start_line": 1}}}, "xiaopaw/cron/__init__.py": {"executed_lines": [], "summary": {"covered_lines": 0, "num_statements": 0, "percent_covered": 100.0, "percent_covered_display": "100", "missing_lines": 0, "excluded_lines": 0, "percent_statements_covered": 100.0, "percent_statements_covered_display": "100"}, "missing_lines": [], "excluded_lines": [], "functions": {"": {"executed_lines": [], "summary": {"covered_lines": 0, "num_statements": 0, "percent_covered": 100.0, "percent_covered_display": "100", "missing_lines": 0, "excluded_lines": 0, "percent_statements_covered": 100.0, "percent_statements_covered_display": "100"}, "missing_lines": [], "excluded_lines": [], "start_line": 1}}, "classes": {"": {"executed_lines": [], "summary": {"covered_lines": 0, "num_statements": 0, "percent_covered": 100.0, "percent_covered_display": "100", "missing_lines": 0, "excluded_lines": 0, "percent_statements_covered": 100.0, "percent_statements_covered_display": "100"}, "missing_lines": [], "excluded_lines": [], "start_line": 1}}}, "xiaopaw/cron/models.py": {"executed_lines": [3, 5, 8, 9, 12, 13, 14, 15, 16, 19, 20, 23, 24, 27, 28, 31, 32, 33, 34, 37, 38, 41, 42, 43, 44, 45, 46, 47, 48, 49], "summary": {"covered_lines": 30, "num_statements": 30, "percent_covered": 100.0, "percent_covered_display": "100", "missing_lines": 0, "excluded_lines": 0, "percent_statements_covered": 100.0, "percent_statements_covered_display": "100"}, "missing_lines": [], "excluded_lines": [], "functions": {"": {"executed_lines": [3, 5, 8, 9, 12, 13, 14, 15, 16, 19, 20, 23, 24, 27, 28, 31, 32, 33, 34, 37, 38, 41, 42, 43, 44, 45, 46, 47, 48, 49], "summary": {"covered_lines": 30, "num_statements": 30, "percent_covered": 100.0, "percent_covered_display": "100", "missing_lines": 0, "excluded_lines": 0, "percent_statements_covered": 100.0, "percent_statements_covered_display": "100"}, "missing_lines": [], "excluded_lines": [], "start_line": 1}}, "classes": {"CronSchedule": {"executed_lines": [], "summary": {"covered_lines": 0, "num_statements": 0, "percent_covered": 100.0, "percent_covered_display": "100", "missing_lines": 0, "excluded_lines": 0, "percent_statements_covered": 100.0, "percent_statements_covered_display": "100"}, "missing_lines": [], "excluded_lines": [], "start_line": 9}, "CronPayload": {"executed_lines": [], "summary": {"covered_lines": 0, "num_statements": 0, "percent_covered": 100.0, "percent_covered_display": "100", "missing_lines": 0, "excluded_lines": 0, "percent_statements_covered": 100.0, "percent_statements_covered_display": "100"}, "missing_lines": [], "excluded_lines": [], "start_line": 20}, "CronState": {"executed_lines": [], "summary": {"covered_lines": 0, "num_statements": 0, "percent_covered": 100.0, "percent_covered_display": "100", "missing_lines": 0, "excluded_lines": 0, "percent_statements_covered": 100.0, "percent_statements_covered_display": "100"}, "missing_lines": [], "excluded_lines": [], "start_line": 28}, "CronJob": {"executed_lines": [], "summary": {"covered_lines": 0, "num_statements": 0, "percent_covered": 100.0, "percent_covered_display": "100", "missing_lines": 0, "excluded_lines": 0, "percent_statements_covered": 100.0, "percent_statements_covered_display": "100"}, "missing_lines": [], "excluded_lines": [], "start_line": 38}, "": {"executed_lines": [3, 5, 8, 9, 12, 13, 14, 15, 16, 19, 20, 23, 24, 27, 28, 31, 32, 33, 34, 37, 38, 41, 42, 43, 44, 45, 46, 47, 48, 49], "summary": {"covered_lines": 30, "num_statements": 30, "percent_covered": 100.0, "percent_covered_display": "100", "missing_lines": 0, "excluded_lines": 0, "percent_statements_covered": 100.0, "percent_statements_covered_display": "100"}, "missing_lines": [], "excluded_lines": [], "start_line": 1}}}, "xiaopaw/cron/service.py": {"executed_lines": [7, 9, 10, 11, 12, 13, 14, 15, 16, 17, 19, 21, 22, 23, 25, 27, 30, 31, 34, 37, 43, 44, 45, 46, 47, 48, 49, 50, 51, 52, 56, 58, 59, 60, 62, 64, 65, 66, 67, 68, 69, 70, 71, 75, 77, 78, 79, 80, 82, 83, 85, 86, 90, 91, 93, 94, 95, 97, 98, 99, 106, 108, 109, 111, 121, 122, 123, 124, 131, 133, 135, 137, 138, 141, 142, 143, 145, 146, 147, 148, 152, 154, 155, 165, 167, 168, 169, 170, 171, 172, 174, 175, 176, 177, 178, 179, 180, 181, 182, 183, 184, 185, 202, 208, 210, 211, 212, 216, 218, 219, 221, 222, 223, 224, 225, 226, 227, 229, 230, 232], "summary": {"covered_lines": 120, "num_statements": 142, "percent_covered": 84.50704225352112, "percent_covered_display": "85", "missing_lines": 22, "excluded_lines": 0, "percent_statements_covered": 84.50704225352112, "percent_statements_covered_display": "85"}, "missing_lines": [100, 101, 102, 125, 126, 127, 128, 129, 139, 149, 150, 157, 158, 159, 160, 161, 198, 199, 200, 209, 213, 214], "excluded_lines": [], "functions": {"_now_ms": {"executed_lines": [31], "summary": {"covered_lines": 1, "num_statements": 1, "percent_covered": 100.0, "percent_covered_display": "100", "missing_lines": 0, "excluded_lines": 0, "percent_statements_covered": 100.0, "percent_statements_covered_display": "100"}, "missing_lines": [], "excluded_lines": [], "start_line": 30}, "CronService.__init__": {"executed_lines": [43, 44, 45, 46, 47, 48, 49, 50, 51, 52], "summary": {"covered_lines": 10, "num_statements": 10, "percent_covered": 100.0, "percent_covered_display": "100", "missing_lines": 0, "excluded_lines": 0, "percent_statements_covered": 100.0, "percent_statements_covered_display": "100"}, "missing_lines": [], "excluded_lines": [], "start_line": 37}, "CronService.start": {"executed_lines": [58, 59, 60], "summary": {"covered_lines": 3, "num_statements": 3, "percent_covered": 100.0, "percent_covered_display": "100", "missing_lines": 0, "excluded_lines": 0, "percent_statements_covered": 100.0, "percent_statements_covered_display": "100"}, "missing_lines": [], "excluded_lines": [], "start_line": 56}, "CronService.stop": {"executed_lines": [64, 65, 66, 67, 68, 69, 70, 71], "summary": {"covered_lines": 8, "num_statements": 8, "percent_covered": 100.0, "percent_covered_display": "100", "missing_lines": 0, "excluded_lines": 0, "percent_statements_covered": 100.0, "percent_statements_covered_display": "100"}, "missing_lines": [], "excluded_lines": [], "start_line": 62}, "CronService._loop": {"executed_lines": [77, 78, 79, 80, 82, 83, 85, 86, 90, 91, 93, 94, 95, 97, 98, 99], "summary": {"covered_lines": 16, "num_statements": 19, "percent_covered": 84.21052631578948, "percent_covered_display": "84", "missing_lines": 3, "excluded_lines": 0, "percent_statements_covered": 84.21052631578948, "percent_statements_covered_display": "84"}, "missing_lines": [100, 101, 102], "excluded_lines": [], "start_line": 75}, "CronService._fire": {"executed_lines": [108, 109, 111, 121, 122, 123, 124, 131], "summary": {"covered_lines": 8, "num_statements": 13, "percent_covered": 61.53846153846154, "percent_covered_display": "62", "missing_lines": 5, "excluded_lines": 0, "percent_statements_covered": 61.53846153846154, "percent_statements_covered_display": "62"}, "missing_lines": [125, 126, 127, 128, 129], "excluded_lines": [], "start_line": 106}, "CronService._post_fire": {"executed_lines": [135, 137, 138, 141, 142, 143, 145, 146, 147, 148, 152], "summary": {"covered_lines": 11, "num_statements": 14, "percent_covered": 78.57142857142857, "percent_covered_display": "79", "missing_lines": 3, "excluded_lines": 0, "percent_statements_covered": 78.57142857142857, "percent_statements_covered_display": "79"}, "missing_lines": [139, 149, 150], "excluded_lines": [], "start_line": 133}, "CronService._next_cron_ms": {"executed_lines": [], "summary": {"covered_lines": 0, "num_statements": 5, "percent_covered": 0.0, "percent_covered_display": "0", "missing_lines": 5, "excluded_lines": 0, "percent_statements_covered": 0.0, "percent_statements_covered_display": "0"}, "missing_lines": [157, 158, 159, 160, 161], "excluded_lines": [], "start_line": 155}, "CronService._load_store": {"executed_lines": [167, 168, 169, 170, 171, 172, 174, 175, 176, 177, 178, 179, 180, 181, 182, 183, 184, 185], "summary": {"covered_lines": 18, "num_statements": 21, "percent_covered": 85.71428571428571, "percent_covered_display": "86", "missing_lines": 3, "excluded_lines": 0, "percent_statements_covered": 85.71428571428571, "percent_statements_covered_display": "86"}, "missing_lines": [198, 199, 200], "excluded_lines": [], "start_line": 165}, "CronService._check_mtime": {"executed_lines": [208, 210, 211, 212], "summary": {"covered_lines": 4, "num_statements": 7, "percent_covered": 57.142857142857146, "percent_covered_display": "57", "missing_lines": 3, "excluded_lines": 0, "percent_statements_covered": 57.142857142857146, "percent_statements_covered_display": "57"}, "missing_lines": [209, 213, 214], "excluded_lines": [], "start_line": 202}, "CronService._save_store": {"executed_lines": [218, 219, 221, 222, 223, 224, 225, 226, 227], "summary": {"covered_lines": 9, "num_statements": 9, "percent_covered": 100.0, "percent_covered_display": "100", "missing_lines": 0, "excluded_lines": 0, "percent_statements_covered": 100.0, "percent_statements_covered_display": "100"}, "missing_lines": [], "excluded_lines": [], "start_line": 216}, "CronService._job_to_dict": {"executed_lines": [232], "summary": {"covered_lines": 1, "num_statements": 1, "percent_covered": 100.0, "percent_covered_display": "100", "missing_lines": 0, "excluded_lines": 0, "percent_statements_covered": 100.0, "percent_statements_covered_display": "100"}, "missing_lines": [], "excluded_lines": [], "start_line": 230}, "": {"executed_lines": [7, 9, 10, 11, 12, 13, 14, 15, 16, 17, 19, 21, 22, 23, 25, 27, 30, 34, 37, 56, 62, 75, 106, 133, 154, 155, 165, 202, 216, 229, 230], "summary": {"covered_lines": 31, "num_statements": 31, "percent_covered": 100.0, "percent_covered_display": "100", "missing_lines": 0, "excluded_lines": 0, "percent_statements_covered": 100.0, "percent_statements_covered_display": "100"}, "missing_lines": [], "excluded_lines": [], "start_line": 1}}, "classes": {"CronService": {"executed_lines": [43, 44, 45, 46, 47, 48, 49, 50, 51, 52, 58, 59, 60, 64, 65, 66, 67, 68, 69, 70, 71, 77, 78, 79, 80, 82, 83, 85, 86, 90, 91, 93, 94, 95, 97, 98, 99, 108, 109, 111, 121, 122, 123, 124, 131, 135, 137, 138, 141, 142, 143, 145, 146, 147, 148, 152, 167, 168, 169, 170, 171, 172, 174, 175, 176, 177, 178, 179, 180, 181, 182, 183, 184, 185, 208, 210, 211, 212, 218, 219, 221, 222, 223, 224, 225, 226, 227, 232], "summary": {"covered_lines": 88, "num_statements": 110, "percent_covered": 80.0, "percent_covered_display": "80", "missing_lines": 22, "excluded_lines": 0, "percent_statements_covered": 80.0, "percent_statements_covered_display": "80"}, "missing_lines": [100, 101, 102, 125, 126, 127, 128, 129, 139, 149, 150, 157, 158, 159, 160, 161, 198, 199, 200, 209, 213, 214], "excluded_lines": [], "start_line": 34}, "": {"executed_lines": [7, 9, 10, 11, 12, 13, 14, 15, 16, 17, 19, 21, 22, 23, 25, 27, 30, 31, 34, 37, 56, 62, 75, 106, 133, 154, 155, 165, 202, 216, 229, 230], "summary": {"covered_lines": 32, "num_statements": 32, "percent_covered": 100.0, "percent_covered_display": "100", "missing_lines": 0, "excluded_lines": 0, "percent_statements_covered": 100.0, "percent_statements_covered_display": "100"}, "missing_lines": [], "excluded_lines": [], "start_line": 1}}}, "xiaopaw/feishu/__init__.py": {"executed_lines": [], "summary": {"covered_lines": 0, "num_statements": 0, "percent_covered": 100.0, "percent_covered_display": "100", "missing_lines": 0, "excluded_lines": 0, "percent_statements_covered": 100.0, "percent_statements_covered_display": "100"}, "missing_lines": [], "excluded_lines": [], "functions": {"": {"executed_lines": [], "summary": {"covered_lines": 0, "num_statements": 0, "percent_covered": 100.0, "percent_covered_display": "100", "missing_lines": 0, "excluded_lines": 0, "percent_statements_covered": 100.0, "percent_statements_covered_display": "100"}, "missing_lines": [], "excluded_lines": [], "start_line": 1}}, "classes": {"": {"executed_lines": [], "summary": {"covered_lines": 0, "num_statements": 0, "percent_covered": 100.0, "percent_covered_display": "100", "missing_lines": 0, "excluded_lines": 0, "percent_statements_covered": 100.0, "percent_statements_covered_display": "100"}, "missing_lines": [], "excluded_lines": [], "start_line": 1}}}, "xiaopaw/feishu/downloader.py": {"executed_lines": [3, 5, 6, 8, 9, 11, 13, 16, 22, 23, 24, 26, 37, 40, 41, 43, 44, 51, 52, 53, 60, 62, 63, 69, 71, 72, 75], "summary": {"covered_lines": 27, "num_statements": 27, "percent_covered": 100.0, "percent_covered_display": "100", "missing_lines": 0, "excluded_lines": 0, "percent_statements_covered": 100.0, "percent_statements_covered_display": "100"}, "missing_lines": [], "excluded_lines": [], "functions": {"FeishuDownloader.__init__": {"executed_lines": [23, 24], "summary": {"covered_lines": 2, "num_statements": 2, "percent_covered": 100.0, "percent_covered_display": "100", "missing_lines": 0, "excluded_lines": 0, "percent_statements_covered": 100.0, "percent_statements_covered_display": "100"}, "missing_lines": [], "excluded_lines": [], "start_line": 22}, "FeishuDownloader.download": {"executed_lines": [37, 40, 41, 43, 44, 51, 52, 53, 60, 62, 63, 69, 71, 72, 75], "summary": {"covered_lines": 15, "num_statements": 15, "percent_covered": 100.0, "percent_covered_display": "100", "missing_lines": 0, "excluded_lines": 0, "percent_statements_covered": 100.0, "percent_statements_covered_display": "100"}, "missing_lines": [], "excluded_lines": [], "start_line": 26}, "": {"executed_lines": [3, 5, 6, 8, 9, 11, 13, 16, 22, 26], "summary": {"covered_lines": 10, "num_statements": 10, "percent_covered": 100.0, "percent_covered_display": "100", "missing_lines": 0, "excluded_lines": 0, "percent_statements_covered": 100.0, "percent_statements_covered_display": "100"}, "missing_lines": [], "excluded_lines": [], "start_line": 1}}, "classes": {"FeishuDownloader": {"executed_lines": [23, 24, 37, 40, 41, 43, 44, 51, 52, 53, 60, 62, 63, 69, 71, 72, 75], "summary": {"covered_lines": 17, "num_statements": 17, "percent_covered": 100.0, "percent_covered_display": "100", "missing_lines": 0, "excluded_lines": 0, "percent_statements_covered": 100.0, "percent_statements_covered_display": "100"}, "missing_lines": [], "excluded_lines": [], "start_line": 16}, "": {"executed_lines": [3, 5, 6, 8, 9, 11, 13, 16, 22, 26], "summary": {"covered_lines": 10, "num_statements": 10, "percent_covered": 100.0, "percent_covered_display": "100", "missing_lines": 0, "excluded_lines": 0, "percent_statements_covered": 100.0, "percent_statements_covered_display": "100"}, "missing_lines": [], "excluded_lines": [], "start_line": 1}}}, "xiaopaw/feishu/listener.py": {"executed_lines": [6, 8, 9, 10, 11, 13, 14, 15, 17, 18, 19, 21, 24, 27, 30, 31, 32, 33, 35, 36, 37, 38, 39, 40, 42, 43, 44, 46, 48, 49, 50, 51, 53, 55, 57, 58, 59, 61, 62, 63, 65, 72, 77, 82, 83, 84, 85, 86, 87, 88, 90, 101, 104, 105, 106, 109, 118, 126, 127, 134, 136, 137, 140, 142, 143, 145, 146, 147, 148, 149, 150, 151, 152, 154, 155, 156, 157, 158, 164, 165, 166, 167, 168, 169, 177, 178, 180, 181, 183, 184, 185, 186, 188, 189, 192, 195, 197, 198, 199], "summary": {"covered_lines": 99, "num_statements": 99, "percent_covered": 100.0, "percent_covered_display": "100", "missing_lines": 0, "excluded_lines": 4, "percent_statements_covered": 100.0, "percent_statements_covered_display": "100"}, "missing_lines": [], "excluded_lines": [175, 200, 201, 202], "functions": {"_XiaoPawEventHandler.__init__": {"executed_lines": [31, 32, 33], "summary": {"covered_lines": 3, "num_statements": 3, "percent_covered": 100.0, "percent_covered_display": "100", "missing_lines": 0, "excluded_lines": 0, "percent_statements_covered": 100.0, "percent_statements_covered_display": "100"}, "missing_lines": [], "excluded_lines": [], "start_line": 30}, "_XiaoPawEventHandler.do_without_validation": {"executed_lines": [36, 37, 38, 39, 40, 42, 43, 44, 46, 48, 49, 50, 51, 53, 55, 57, 58, 59, 61, 62, 63, 65, 72, 77, 82, 83, 84, 85, 86, 87, 88, 90, 101, 104, 105, 106], "summary": {"covered_lines": 36, "num_statements": 36, "percent_covered": 100.0, "percent_covered_display": "100", "missing_lines": 0, "excluded_lines": 0, "percent_statements_covered": 100.0, "percent_statements_covered_display": "100"}, "missing_lines": [], "excluded_lines": [], "start_line": 35}, "FeishuListener.__init__": {"executed_lines": [126, 127], "summary": {"covered_lines": 2, "num_statements": 2, "percent_covered": 100.0, "percent_covered_display": "100", "missing_lines": 0, "excluded_lines": 0, "percent_statements_covered": 100.0, "percent_statements_covered_display": "100"}, "missing_lines": [], "excluded_lines": [], "start_line": 118}, "FeishuListener.start": {"executed_lines": [136, 137, 140], "summary": {"covered_lines": 3, "num_statements": 3, "percent_covered": 100.0, "percent_covered_display": "100", "missing_lines": 0, "excluded_lines": 0, "percent_statements_covered": 100.0, "percent_statements_covered_display": "100"}, "missing_lines": [], "excluded_lines": [], "start_line": 134}, "FeishuListener._extract_attachment": {"executed_lines": [145, 146, 147, 148, 149, 150, 151, 152, 154, 155, 156, 157, 158, 164, 165, 166, 167, 168, 169], "summary": {"covered_lines": 19, "num_statements": 19, "percent_covered": 100.0, "percent_covered_display": "100", "missing_lines": 0, "excluded_lines": 1, "percent_statements_covered": 100.0, "percent_statements_covered_display": "100"}, "missing_lines": [], "excluded_lines": [175], "start_line": 143}, "FeishuListener._extract_content": {"executed_lines": [180, 181, 183, 184, 185, 186, 188, 189, 192], "summary": {"covered_lines": 9, "num_statements": 9, "percent_covered": 100.0, "percent_covered_display": "100", "missing_lines": 0, "excluded_lines": 0, "percent_statements_covered": 100.0, "percent_statements_covered_display": "100"}, "missing_lines": [], "excluded_lines": [], "start_line": 178}, "run_forever": {"executed_lines": [197, 198, 199], "summary": {"covered_lines": 3, "num_statements": 3, "percent_covered": 100.0, "percent_covered_display": "100", "missing_lines": 0, "excluded_lines": 3, "percent_statements_covered": 100.0, "percent_statements_covered_display": "100"}, "missing_lines": [], "excluded_lines": [200, 201, 202], "start_line": 195}, "": {"executed_lines": [6, 8, 9, 10, 11, 13, 14, 15, 17, 18, 19, 21, 24, 27, 30, 35, 109, 118, 134, 142, 143, 177, 178, 195], "summary": {"covered_lines": 24, "num_statements": 24, "percent_covered": 100.0, "percent_covered_display": "100", "missing_lines": 0, "excluded_lines": 0, "percent_statements_covered": 100.0, "percent_statements_covered_display": "100"}, "missing_lines": [], "excluded_lines": [], "start_line": 1}}, "classes": {"_XiaoPawEventHandler": {"executed_lines": [31, 32, 33, 36, 37, 38, 39, 40, 42, 43, 44, 46, 48, 49, 50, 51, 53, 55, 57, 58, 59, 61, 62, 63, 65, 72, 77, 82, 83, 84, 85, 86, 87, 88, 90, 101, 104, 105, 106], "summary": {"covered_lines": 39, "num_statements": 39, "percent_covered": 100.0, "percent_covered_display": "100", "missing_lines": 0, "excluded_lines": 0, "percent_statements_covered": 100.0, "percent_statements_covered_display": "100"}, "missing_lines": [], "excluded_lines": [], "start_line": 27}, "FeishuListener": {"executed_lines": [126, 127, 136, 137, 140, 145, 146, 147, 148, 149, 150, 151, 152, 154, 155, 156, 157, 158, 164, 165, 166, 167, 168, 169, 180, 181, 183, 184, 185, 186, 188, 189, 192], "summary": {"covered_lines": 33, "num_statements": 33, "percent_covered": 100.0, "percent_covered_display": "100", "missing_lines": 0, "excluded_lines": 1, "percent_statements_covered": 100.0, "percent_statements_covered_display": "100"}, "missing_lines": [], "excluded_lines": [175], "start_line": 109}, "": {"executed_lines": [6, 8, 9, 10, 11, 13, 14, 15, 17, 18, 19, 21, 24, 27, 30, 35, 109, 118, 134, 142, 143, 177, 178, 195, 197, 198, 199], "summary": {"covered_lines": 27, "num_statements": 27, "percent_covered": 100.0, "percent_covered_display": "100", "missing_lines": 0, "excluded_lines": 3, "percent_statements_covered": 100.0, "percent_statements_covered_display": "100"}, "missing_lines": [], "excluded_lines": [200, 201, 202], "start_line": 1}}}, "xiaopaw/feishu/sender.py": {"executed_lines": [3, 5, 6, 7, 8, 10, 11, 18, 20, 23, 24, 27, 28, 29, 31, 32, 33, 35, 36, 37, 38, 39, 40, 41, 42, 43, 45, 47, 48, 64, 67, 75, 81, 82, 83, 85, 88, 96, 102, 103, 104, 106, 109, 117, 123, 124, 125], "summary": {"covered_lines": 47, "num_statements": 47, "percent_covered": 100.0, "percent_covered_display": "100", "missing_lines": 0, "excluded_lines": 6, "percent_statements_covered": 100.0, "percent_statements_covered_display": "100"}, "missing_lines": [], "excluded_lines": [49, 50, 57, 58, 59, 62], "functions": {"FeishuSender.send": {"executed_lines": [32, 33, 35, 36, 37, 38, 39, 40, 41, 42, 43, 45, 47, 48], "summary": {"covered_lines": 14, "num_statements": 14, "percent_covered": 100.0, "percent_covered_display": "100", "missing_lines": 0, "excluded_lines": 6, "percent_statements_covered": 100.0, "percent_statements_covered_display": "100"}, "missing_lines": [], "excluded_lines": [49, 50, 57, 58, 59, 62], "start_line": 31}, "FeishuSender._send_p2p": {"executed_lines": [67, 75, 81, 82, 83], "summary": {"covered_lines": 5, "num_statements": 5, "percent_covered": 100.0, "percent_covered_display": "100", "missing_lines": 0, "excluded_lines": 0, "percent_statements_covered": 100.0, "percent_statements_covered_display": "100"}, "missing_lines": [], "excluded_lines": [], "start_line": 64}, "FeishuSender._send_group": {"executed_lines": [88, 96, 102, 103, 104], "summary": {"covered_lines": 5, "num_statements": 5, "percent_covered": 100.0, "percent_covered_display": "100", "missing_lines": 0, "excluded_lines": 0, "percent_statements_covered": 100.0, "percent_statements_covered_display": "100"}, "missing_lines": [], "excluded_lines": [], "start_line": 85}, "FeishuSender._send_thread": {"executed_lines": [109, 117, 123, 124, 125], "summary": {"covered_lines": 5, "num_statements": 5, "percent_covered": 100.0, "percent_covered_display": "100", "missing_lines": 0, "excluded_lines": 0, "percent_statements_covered": 100.0, "percent_statements_covered_display": "100"}, "missing_lines": [], "excluded_lines": [], "start_line": 106}, "": {"executed_lines": [3, 5, 6, 7, 8, 10, 11, 18, 20, 23, 24, 27, 28, 29, 31, 64, 85, 106], "summary": {"covered_lines": 18, "num_statements": 18, "percent_covered": 100.0, "percent_covered_display": "100", "missing_lines": 0, "excluded_lines": 0, "percent_statements_covered": 100.0, "percent_statements_covered_display": "100"}, "missing_lines": [], "excluded_lines": [], "start_line": 1}}, "classes": {"FeishuSender": {"executed_lines": [32, 33, 35, 36, 37, 38, 39, 40, 41, 42, 43, 45, 47, 48, 67, 75, 81, 82, 83, 88, 96, 102, 103, 104, 109, 117, 123, 124, 125], "summary": {"covered_lines": 29, "num_statements": 29, "percent_covered": 100.0, "percent_covered_display": "100", "missing_lines": 0, "excluded_lines": 6, "percent_statements_covered": 100.0, "percent_statements_covered_display": "100"}, "missing_lines": [], "excluded_lines": [49, 50, 57, 58, 59, 62], "start_line": 24}, "": {"executed_lines": [3, 5, 6, 7, 8, 10, 11, 18, 20, 23, 24, 27, 28, 29, 31, 64, 85, 106], "summary": {"covered_lines": 18, "num_statements": 18, "percent_covered": 100.0, "percent_covered_display": "100", "missing_lines": 0, "excluded_lines": 0, "percent_statements_covered": 100.0, "percent_statements_covered_display": "100"}, "missing_lines": [], "excluded_lines": [], "start_line": 1}}}, "xiaopaw/feishu/session_key.py": {"executed_lines": [9, 12, 19, 20, 21, 22, 23], "summary": {"covered_lines": 7, "num_statements": 7, "percent_covered": 100.0, "percent_covered_display": "100", "missing_lines": 0, "excluded_lines": 0, "percent_statements_covered": 100.0, "percent_statements_covered_display": "100"}, "missing_lines": [], "excluded_lines": [], "functions": {"resolve_routing_key": {"executed_lines": [19, 20, 21, 22, 23], "summary": {"covered_lines": 5, "num_statements": 5, "percent_covered": 100.0, "percent_covered_display": "100", "missing_lines": 0, "excluded_lines": 0, "percent_statements_covered": 100.0, "percent_statements_covered_display": "100"}, "missing_lines": [], "excluded_lines": [], "start_line": 12}, "": {"executed_lines": [9, 12], "summary": {"covered_lines": 2, "num_statements": 2, "percent_covered": 100.0, "percent_covered_display": "100", "missing_lines": 0, "excluded_lines": 0, "percent_statements_covered": 100.0, "percent_statements_covered_display": "100"}, "missing_lines": [], "excluded_lines": [], "start_line": 1}}, "classes": {"": {"executed_lines": [9, 12, 19, 20, 21, 22, 23], "summary": {"covered_lines": 7, "num_statements": 7, "percent_covered": 100.0, "percent_covered_display": "100", "missing_lines": 0, "excluded_lines": 0, "percent_statements_covered": 100.0, "percent_statements_covered_display": "100"}, "missing_lines": [], "excluded_lines": [], "start_line": 1}}}, "xiaopaw/llm/__init__.py": {"executed_lines": [1, 3, 5], "summary": {"covered_lines": 3, "num_statements": 3, "percent_covered": 100.0, "percent_covered_display": "100", "missing_lines": 0, "excluded_lines": 0, "percent_statements_covered": 100.0, "percent_statements_covered_display": "100"}, "missing_lines": [], "excluded_lines": [], "functions": {"": {"executed_lines": [1, 3, 5], "summary": {"covered_lines": 3, "num_statements": 3, "percent_covered": 100.0, "percent_covered_display": "100", "missing_lines": 0, "excluded_lines": 0, "percent_statements_covered": 100.0, "percent_statements_covered_display": "100"}, "missing_lines": [], "excluded_lines": [], "start_line": 1}}, "classes": {"": {"executed_lines": [1, 3, 5], "summary": {"covered_lines": 3, "num_statements": 3, "percent_covered": 100.0, "percent_covered_display": "100", "missing_lines": 0, "excluded_lines": 0, "percent_statements_covered": 100.0, "percent_statements_covered_display": "100"}, "missing_lines": [], "excluded_lines": [], "start_line": 1}}}, "xiaopaw/llm/aliyun_llm.py": {"executed_lines": [3, 5, 6, 7, 8, 9, 10, 11, 12, 14, 15, 18, 21, 24, 30, 51, 53, 54, 55, 59, 60, 61, 62, 63, 64, 65, 66, 67, 68, 69, 70, 71, 72, 73, 75, 83, 84, 85, 86, 87, 88, 89, 90, 91, 93, 94, 95, 96, 97, 98, 105, 106, 107, 108, 109, 111, 112, 113, 120, 121, 122, 124, 126, 150, 151, 153, 154, 156, 157, 158, 160, 164, 166, 167, 168, 169, 170, 171, 172, 175, 176, 177, 178, 179, 180, 181, 183, 189, 190, 191, 192, 193, 202, 203, 204, 205, 211, 214, 216, 217, 218, 223, 224, 226, 227, 228, 234, 236, 237, 238, 243, 245, 247, 248, 249, 257, 262, 263, 264, 265, 273, 274, 280, 281, 282, 283, 284, 287, 288, 289, 291, 292, 293, 294, 303, 305, 306, 309, 310, 333, 337, 339, 348, 349, 351, 360, 361, 362, 363, 364, 365, 367, 368, 369, 370, 373, 374, 375, 376, 377, 383, 389, 397, 408, 419, 426, 428, 435, 437, 439, 440, 441, 442, 443, 444, 445, 446, 447, 448, 449, 452, 456, 458, 460, 461, 464, 466, 467, 468, 469, 470, 471], "summary": {"covered_lines": 192, "num_statements": 219, "percent_covered": 87.67123287671232, "percent_covered_display": "88", "missing_lines": 27, "excluded_lines": 0, "percent_statements_covered": 87.67123287671232, "percent_statements_covered_display": "88"}, "missing_lines": [123, 165, 173, 215, 225, 244, 250, 256, 266, 272, 276, 277, 278, 285, 286, 307, 311, 312, 313, 314, 317, 323, 371, 372, 457, 459, 462], "excluded_lines": [], "functions": {"AliyunLLM.__init__": {"executed_lines": [51, 53, 54, 55, 59, 60, 61, 62, 63, 64, 65, 66, 67, 68, 69, 70, 71, 72, 73], "summary": {"covered_lines": 19, "num_statements": 19, "percent_covered": 100.0, "percent_covered_display": "100", "missing_lines": 0, "excluded_lines": 0, "percent_statements_covered": 100.0, "percent_statements_covered_display": "100"}, "missing_lines": [], "excluded_lines": [], "start_line": 30}, "AliyunLLM._normalize_multimodal_tool_result": {"executed_lines": [83, 84, 85, 86, 87, 88, 89, 90, 91, 93, 94, 95, 96, 97, 98, 105, 106, 107, 108, 109, 111, 112, 113, 120, 121, 122, 124], "summary": {"covered_lines": 27, "num_statements": 28, "percent_covered": 96.42857142857143, "percent_covered_display": "96", "missing_lines": 1, "excluded_lines": 0, "percent_statements_covered": 96.42857142857143, "percent_statements_covered_display": "96"}, "missing_lines": [123], "excluded_lines": [], "start_line": 75}, "AliyunLLM.call": {"executed_lines": [150, 151, 153, 154, 156, 157, 158, 160, 164, 166, 167, 168, 169, 170, 171, 172, 175, 176, 177, 178, 179, 180, 181, 183, 189, 190, 191, 192, 193, 202, 203, 204, 205, 211, 214, 216, 217, 218, 223, 224, 226, 227, 228, 234, 236, 237, 238, 243, 245, 247, 248, 249, 257, 262, 263, 264, 265, 273, 274, 280, 281, 282, 283, 284, 287, 288, 289, 291, 292, 293, 294, 303, 305, 306, 309, 310, 333, 337], "summary": {"covered_lines": 78, "num_statements": 99, "percent_covered": 78.78787878787878, "percent_covered_display": "79", "missing_lines": 21, "excluded_lines": 0, "percent_statements_covered": 78.78787878787878, "percent_statements_covered_display": "79"}, "missing_lines": [165, 173, 215, 225, 244, 250, 256, 266, 272, 276, 277, 278, 285, 286, 307, 311, 312, 313, 314, 317, 323], "excluded_lines": [], "start_line": 126}, "AliyunLLM._handle_function_calls": {"executed_lines": [348, 349, 351, 360, 361, 362, 363, 364, 365, 367, 368, 369, 370, 373, 374, 375, 376, 377, 383, 389], "summary": {"covered_lines": 20, "num_statements": 22, "percent_covered": 90.9090909090909, "percent_covered_display": "91", "missing_lines": 2, "excluded_lines": 0, "percent_statements_covered": 90.9090909090909, "percent_statements_covered_display": "91"}, "missing_lines": [371, 372], "excluded_lines": [], "start_line": 339}, "AliyunLLM.acall": {"executed_lines": [408], "summary": {"covered_lines": 1, "num_statements": 1, "percent_covered": 100.0, "percent_covered_display": "100", "missing_lines": 0, "excluded_lines": 0, "percent_statements_covered": 100.0, "percent_statements_covered_display": "100"}, "missing_lines": [], "excluded_lines": [], "start_line": 397}, "AliyunLLM.supports_function_calling": {"executed_lines": [426], "summary": {"covered_lines": 1, "num_statements": 1, "percent_covered": 100.0, "percent_covered_display": "100", "missing_lines": 0, "excluded_lines": 0, "percent_statements_covered": 100.0, "percent_statements_covered_display": "100"}, "missing_lines": [], "excluded_lines": [], "start_line": 419}, "AliyunLLM.supports_stop_words": {"executed_lines": [435], "summary": {"covered_lines": 1, "num_statements": 1, "percent_covered": 100.0, "percent_covered_display": "100", "missing_lines": 0, "excluded_lines": 0, "percent_statements_covered": 100.0, "percent_statements_covered_display": "100"}, "missing_lines": [], "excluded_lines": [], "start_line": 428}, "AliyunLLM._validate_messages": {"executed_lines": [439, 440, 441, 442, 443, 444, 445, 446, 447, 448, 449], "summary": {"covered_lines": 11, "num_statements": 11, "percent_covered": 100.0, "percent_covered_display": "100", "missing_lines": 0, "excluded_lines": 0, "percent_statements_covered": 100.0, "percent_statements_covered_display": "100"}, "missing_lines": [], "excluded_lines": [], "start_line": 437}, "AliyunLLM._prepare_stop_words": {"executed_lines": [456, 458, 460, 461], "summary": {"covered_lines": 4, "num_statements": 7, "percent_covered": 57.142857142857146, "percent_covered_display": "57", "missing_lines": 3, "excluded_lines": 0, "percent_statements_covered": 57.142857142857146, "percent_statements_covered_display": "57"}, "missing_lines": [457, 459, 462], "excluded_lines": [], "start_line": 452}, "AliyunLLM.get_context_window_size": {"executed_lines": [466, 467, 468, 469, 470, 471], "summary": {"covered_lines": 6, "num_statements": 6, "percent_covered": 100.0, "percent_covered_display": "100", "missing_lines": 0, "excluded_lines": 0, "percent_statements_covered": 100.0, "percent_statements_covered_display": "100"}, "missing_lines": [], "excluded_lines": [], "start_line": 464}, "": {"executed_lines": [3, 5, 6, 7, 8, 9, 10, 11, 12, 14, 15, 18, 21, 24, 30, 75, 126, 339, 397, 419, 428, 437, 452, 464], "summary": {"covered_lines": 24, "num_statements": 24, "percent_covered": 100.0, "percent_covered_display": "100", "missing_lines": 0, "excluded_lines": 0, "percent_statements_covered": 100.0, "percent_statements_covered_display": "100"}, "missing_lines": [], "excluded_lines": [], "start_line": 1}}, "classes": {"AliyunLLM": {"executed_lines": [51, 53, 54, 55, 59, 60, 61, 62, 63, 64, 65, 66, 67, 68, 69, 70, 71, 72, 73, 83, 84, 85, 86, 87, 88, 89, 90, 91, 93, 94, 95, 96, 97, 98, 105, 106, 107, 108, 109, 111, 112, 113, 120, 121, 122, 124, 150, 151, 153, 154, 156, 157, 158, 160, 164, 166, 167, 168, 169, 170, 171, 172, 175, 176, 177, 178, 179, 180, 181, 183, 189, 190, 191, 192, 193, 202, 203, 204, 205, 211, 214, 216, 217, 218, 223, 224, 226, 227, 228, 234, 236, 237, 238, 243, 245, 247, 248, 249, 257, 262, 263, 264, 265, 273, 274, 280, 281, 282, 283, 284, 287, 288, 289, 291, 292, 293, 294, 303, 305, 306, 309, 310, 333, 337, 348, 349, 351, 360, 361, 362, 363, 364, 365, 367, 368, 369, 370, 373, 374, 375, 376, 377, 383, 389, 408, 426, 435, 439, 440, 441, 442, 443, 444, 445, 446, 447, 448, 449, 456, 458, 460, 461, 466, 467, 468, 469, 470, 471], "summary": {"covered_lines": 168, "num_statements": 195, "percent_covered": 86.15384615384616, "percent_covered_display": "86", "missing_lines": 27, "excluded_lines": 0, "percent_statements_covered": 86.15384615384616, "percent_statements_covered_display": "86"}, "missing_lines": [123, 165, 173, 215, 225, 244, 250, 256, 266, 272, 276, 277, 278, 285, 286, 307, 311, 312, 313, 314, 317, 323, 371, 372, 457, 459, 462], "excluded_lines": [], "start_line": 21}, "": {"executed_lines": [3, 5, 6, 7, 8, 9, 10, 11, 12, 14, 15, 18, 21, 24, 30, 75, 126, 339, 397, 419, 428, 437, 452, 464], "summary": {"covered_lines": 24, "num_statements": 24, "percent_covered": 100.0, "percent_covered_display": "100", "missing_lines": 0, "excluded_lines": 0, "percent_statements_covered": 100.0, "percent_statements_covered_display": "100"}, "missing_lines": [], "excluded_lines": [], "start_line": 1}}}, "xiaopaw/main.py": {"executed_lines": [], "summary": {"covered_lines": 0, "num_statements": 96, "percent_covered": 0.0, "percent_covered_display": "0", "missing_lines": 96, "excluded_lines": 0, "percent_statements_covered": 0.0, "percent_statements_covered_display": "0"}, "missing_lines": [13, 15, 16, 17, 19, 20, 22, 23, 24, 25, 26, 27, 28, 29, 30, 31, 33, 36, 37, 38, 41, 42, 45, 47, 48, 50, 52, 53, 54, 55, 56, 57, 58, 59, 60, 61, 62, 65, 66, 67, 68, 71, 72, 74, 77, 78, 79, 80, 81, 85, 86, 88, 89, 90, 91, 93, 94, 97, 106, 107, 108, 109, 112, 115, 116, 117, 118, 121, 128, 137, 138, 139, 142, 143, 150, 153, 165, 166, 168, 169, 175, 177, 180, 182, 184, 185, 186, 187, 188, 189, 190, 192, 195, 196, 199, 200], "excluded_lines": [], "functions": {"_load_config": {"executed_lines": [], "summary": {"covered_lines": 0, "num_statements": 4, "percent_covered": 0.0, "percent_covered_display": "0", "missing_lines": 4, "excluded_lines": 0, "percent_statements_covered": 0.0, "percent_statements_covered_display": "0"}, "missing_lines": [37, 38, 41, 42], "excluded_lines": [], "start_line": 36}, "_daily_cleanup_loop": {"executed_lines": [], "summary": {"covered_lines": 0, "num_statements": 14, "percent_covered": 0.0, "percent_covered_display": "0", "missing_lines": 14, "excluded_lines": 0, "percent_statements_covered": 0.0, "percent_statements_covered_display": "0"}, "missing_lines": [47, 48, 50, 52, 53, 54, 55, 56, 57, 58, 59, 60, 61, 62], "excluded_lines": [], "start_line": 45}, "async_main": {"executed_lines": [], "summary": {"covered_lines": 0, "num_statements": 44, "percent_covered": 0.0, "percent_covered_display": "0", "missing_lines": 44, "excluded_lines": 0, "percent_statements_covered": 0.0, "percent_statements_covered_display": "0"}, "missing_lines": [66, 67, 68, 71, 72, 74, 77, 78, 79, 80, 81, 85, 86, 88, 89, 90, 91, 93, 94, 97, 106, 107, 108, 109, 112, 115, 116, 117, 118, 121, 128, 137, 138, 139, 142, 143, 150, 153, 165, 166, 168, 169, 175, 177], "excluded_lines": [], "start_line": 65}, "_run_test_api": {"executed_lines": [], "summary": {"covered_lines": 0, "num_statements": 9, "percent_covered": 0.0, "percent_covered_display": "0", "missing_lines": 9, "excluded_lines": 0, "percent_statements_covered": 0.0, "percent_statements_covered_display": "0"}, "missing_lines": [182, 184, 185, 186, 187, 188, 189, 190, 192], "excluded_lines": [], "start_line": 180}, "main": {"executed_lines": [], "summary": {"covered_lines": 0, "num_statements": 1, "percent_covered": 0.0, "percent_covered_display": "0", "missing_lines": 1, "excluded_lines": 0, "percent_statements_covered": 0.0, "percent_statements_covered_display": "0"}, "missing_lines": [196], "excluded_lines": [], "start_line": 195}, "": {"executed_lines": [], "summary": {"covered_lines": 0, "num_statements": 24, "percent_covered": 0.0, "percent_covered_display": "0", "missing_lines": 24, "excluded_lines": 0, "percent_statements_covered": 0.0, "percent_statements_covered_display": "0"}, "missing_lines": [13, 15, 16, 17, 19, 20, 22, 23, 24, 25, 26, 27, 28, 29, 30, 31, 33, 36, 45, 65, 180, 195, 199, 200], "excluded_lines": [], "start_line": 1}}, "classes": {"": {"executed_lines": [], "summary": {"covered_lines": 0, "num_statements": 96, "percent_covered": 0.0, "percent_covered_display": "0", "missing_lines": 96, "excluded_lines": 0, "percent_statements_covered": 0.0, "percent_statements_covered_display": "0"}, "missing_lines": [13, 15, 16, 17, 19, 20, 22, 23, 24, 25, 26, 27, 28, 29, 30, 31, 33, 36, 37, 38, 41, 42, 45, 47, 48, 50, 52, 53, 54, 55, 56, 57, 58, 59, 60, 61, 62, 65, 66, 67, 68, 71, 72, 74, 77, 78, 79, 80, 81, 85, 86, 88, 89, 90, 91, 93, 94, 97, 106, 107, 108, 109, 112, 115, 116, 117, 118, 121, 128, 137, 138, 139, 142, 143, 150, 153, 165, 166, 168, 169, 175, 177, 180, 182, 184, 185, 186, 187, 188, 189, 190, 192, 195, 196, 199, 200], "excluded_lines": [], "start_line": 1}}}, "xiaopaw/models.py": {"executed_lines": [3, 5, 6, 9, 10, 13, 14, 15, 18, 19, 22, 23, 24, 25, 26, 27, 28, 29, 32], "summary": {"covered_lines": 19, "num_statements": 19, "percent_covered": 100.0, "percent_covered_display": "100", "missing_lines": 0, "excluded_lines": 4, "percent_statements_covered": 100.0, "percent_statements_covered_display": "100"}, "missing_lines": [], "excluded_lines": [35, 36, 37, 38], "functions": {"SenderProtocol.send": {"executed_lines": [], "summary": {"covered_lines": 0, "num_statements": 0, "percent_covered": 100.0, "percent_covered_display": "100", "missing_lines": 0, "excluded_lines": 1, "percent_statements_covered": 100.0, "percent_statements_covered_display": "100"}, "missing_lines": [], "excluded_lines": [37], "start_line": 35}, "": {"executed_lines": [3, 5, 6, 9, 10, 13, 14, 15, 18, 19, 22, 23, 24, 25, 26, 27, 28, 29, 32], "summary": {"covered_lines": 19, "num_statements": 19, "percent_covered": 100.0, "percent_covered_display": "100", "missing_lines": 0, "excluded_lines": 2, "percent_statements_covered": 100.0, "percent_statements_covered_display": "100"}, "missing_lines": [], "excluded_lines": [35, 36], "start_line": 1}}, "classes": {"Attachment": {"executed_lines": [], "summary": {"covered_lines": 0, "num_statements": 0, "percent_covered": 100.0, "percent_covered_display": "100", "missing_lines": 0, "excluded_lines": 0, "percent_statements_covered": 100.0, "percent_statements_covered_display": "100"}, "missing_lines": [], "excluded_lines": [], "start_line": 10}, "InboundMessage": {"executed_lines": [], "summary": {"covered_lines": 0, "num_statements": 0, "percent_covered": 100.0, "percent_covered_display": "100", "missing_lines": 0, "excluded_lines": 0, "percent_statements_covered": 100.0, "percent_statements_covered_display": "100"}, "missing_lines": [], "excluded_lines": [], "start_line": 19}, "SenderProtocol": {"executed_lines": [], "summary": {"covered_lines": 0, "num_statements": 0, "percent_covered": 100.0, "percent_covered_display": "100", "missing_lines": 0, "excluded_lines": 1, "percent_statements_covered": 100.0, "percent_statements_covered_display": "100"}, "missing_lines": [], "excluded_lines": [37], "start_line": 32}, "": {"executed_lines": [3, 5, 6, 9, 10, 13, 14, 15, 18, 19, 22, 23, 24, 25, 26, 27, 28, 29, 32], "summary": {"covered_lines": 19, "num_statements": 19, "percent_covered": 100.0, "percent_covered_display": "100", "missing_lines": 0, "excluded_lines": 2, "percent_statements_covered": 100.0, "percent_statements_covered_display": "100"}, "missing_lines": [], "excluded_lines": [35, 36], "start_line": 1}}}, "xiaopaw/observability/metrics.py": {"executed_lines": [1, 3, 5, 7, 18, 21, 28, 35, 42, 49, 56, 63, 71, 72, 73, 74, 75, 76, 77, 78, 81, 82, 88, 89, 95, 96, 102, 104, 105], "summary": {"covered_lines": 29, "num_statements": 29, "percent_covered": 100.0, "percent_covered_display": "100", "missing_lines": 0, "excluded_lines": 0, "percent_statements_covered": 100.0, "percent_statements_covered_display": "100"}, "missing_lines": [], "excluded_lines": [], "functions": {"routing_key_type": {"executed_lines": [72, 73, 74, 75, 76, 77, 78], "summary": {"covered_lines": 7, "num_statements": 7, "percent_covered": 100.0, "percent_covered_display": "100", "missing_lines": 0, "excluded_lines": 0, "percent_statements_covered": 100.0, "percent_statements_covered_display": "100"}, "missing_lines": [], "excluded_lines": [], "start_line": 71}, "record_feishu_event": {"executed_lines": [82], "summary": {"covered_lines": 1, "num_statements": 1, "percent_covered": 100.0, "percent_covered_display": "100", "missing_lines": 0, "excluded_lines": 0, "percent_statements_covered": 100.0, "percent_statements_covered_display": "100"}, "missing_lines": [], "excluded_lines": [], "start_line": 81}, "record_inbound_message": {"executed_lines": [89], "summary": {"covered_lines": 1, "num_statements": 1, "percent_covered": 100.0, "percent_covered_display": "100", "missing_lines": 0, "excluded_lines": 0, "percent_statements_covered": 100.0, "percent_statements_covered_display": "100"}, "missing_lines": [], "excluded_lines": [], "start_line": 88}, "record_error": {"executed_lines": [96], "summary": {"covered_lines": 1, "num_statements": 1, "percent_covered": 100.0, "percent_covered_display": "100", "missing_lines": 0, "excluded_lines": 0, "percent_statements_covered": 100.0, "percent_statements_covered_display": "100"}, "missing_lines": [], "excluded_lines": [], "start_line": 95}, "export_metrics": {"executed_lines": [104, 105], "summary": {"covered_lines": 2, "num_statements": 2, "percent_covered": 100.0, "percent_covered_display": "100", "missing_lines": 0, "excluded_lines": 0, "percent_statements_covered": 100.0, "percent_statements_covered_display": "100"}, "missing_lines": [], "excluded_lines": [], "start_line": 102}, "": {"executed_lines": [1, 3, 5, 7, 18, 21, 28, 35, 42, 49, 56, 63, 71, 81, 88, 95, 102], "summary": {"covered_lines": 17, "num_statements": 17, "percent_covered": 100.0, "percent_covered_display": "100", "missing_lines": 0, "excluded_lines": 0, "percent_statements_covered": 100.0, "percent_statements_covered_display": "100"}, "missing_lines": [], "excluded_lines": [], "start_line": 1}}, "classes": {"": {"executed_lines": [1, 3, 5, 7, 18, 21, 28, 35, 42, 49, 56, 63, 71, 72, 73, 74, 75, 76, 77, 78, 81, 82, 88, 89, 95, 96, 102, 104, 105], "summary": {"covered_lines": 29, "num_statements": 29, "percent_covered": 100.0, "percent_covered_display": "100", "missing_lines": 0, "excluded_lines": 0, "percent_statements_covered": 100.0, "percent_statements_covered_display": "100"}, "missing_lines": [], "excluded_lines": [], "start_line": 1}}}, "xiaopaw/runner.py": {"executed_lines": [10, 12, 13, 14, 15, 17, 18, 19, 20, 30, 32, 36, 44, 47, 49, 53, 54, 55, 58, 61, 69, 70, 71, 72, 73, 74, 75, 76, 80, 82, 83, 84, 85, 86, 87, 88, 89, 90, 91, 95, 97, 98, 104, 105, 106, 107, 108, 109, 113, 115, 116, 117, 118, 121, 122, 124, 125, 126, 127, 128, 131, 132, 133, 134, 135, 136, 137, 138, 145, 149, 151, 154, 155, 156, 157, 160, 163, 164, 165, 169, 172, 173, 178, 181, 184, 190, 198, 202, 204, 205, 206, 208, 209, 210, 212, 213, 215, 217, 218, 219, 221, 222, 223, 224, 225, 226, 227, 228, 229, 231, 232, 233, 235, 236, 238, 239, 240, 241, 251, 252], "summary": {"covered_lines": 120, "num_statements": 125, "percent_covered": 96.0, "percent_covered_display": "96", "missing_lines": 5, "excluded_lines": 3, "percent_statements_covered": 96.0, "percent_statements_covered_display": "96"}, "missing_lines": [99, 141, 142, 143, 261], "excluded_lines": [27, 28, 247], "functions": {"_build_attachment_message": {"executed_lines": [49, 53, 54, 55], "summary": {"covered_lines": 4, "num_statements": 4, "percent_covered": 100.0, "percent_covered_display": "100", "missing_lines": 0, "excluded_lines": 0, "percent_statements_covered": 100.0, "percent_statements_covered_display": "100"}, "missing_lines": [], "excluded_lines": [], "start_line": 47}, "Runner.__init__": {"executed_lines": [69, 70, 71, 72, 73, 74, 75, 76], "summary": {"covered_lines": 8, "num_statements": 8, "percent_covered": 100.0, "percent_covered_display": "100", "missing_lines": 0, "excluded_lines": 0, "percent_statements_covered": 100.0, "percent_statements_covered_display": "100"}, "missing_lines": [], "excluded_lines": [], "start_line": 61}, "Runner.dispatch": {"executed_lines": [82, 83, 84, 85, 86, 87, 88, 89, 90, 91], "summary": {"covered_lines": 10, "num_statements": 10, "percent_covered": 100.0, "percent_covered_display": "100", "missing_lines": 0, "excluded_lines": 0, "percent_statements_covered": 100.0, "percent_statements_covered_display": "100"}, "missing_lines": [], "excluded_lines": [], "start_line": 80}, "Runner.shutdown": {"executed_lines": [97, 98, 104, 105, 106, 107, 108, 109], "summary": {"covered_lines": 8, "num_statements": 9, "percent_covered": 88.88888888888889, "percent_covered_display": "89", "missing_lines": 1, "excluded_lines": 0, "percent_statements_covered": 88.88888888888889, "percent_statements_covered_display": "89"}, "missing_lines": [99], "excluded_lines": [], "start_line": 95}, "Runner._worker": {"executed_lines": [115, 116, 117, 118, 121, 122, 124, 125, 126, 127, 128, 131, 132, 133, 134, 135, 136, 137, 138, 145], "summary": {"covered_lines": 20, "num_statements": 23, "percent_covered": 86.95652173913044, "percent_covered_display": "87", "missing_lines": 3, "excluded_lines": 0, "percent_statements_covered": 86.95652173913044, "percent_statements_covered_display": "87"}, "missing_lines": [141, 142, 143], "excluded_lines": [], "start_line": 113}, "Runner._handle": {"executed_lines": [151, 154, 155, 156, 157, 160, 163, 164, 165, 169, 172, 173, 178, 181, 184, 190, 198], "summary": {"covered_lines": 17, "num_statements": 17, "percent_covered": 100.0, "percent_covered_display": "100", "missing_lines": 0, "excluded_lines": 0, "percent_statements_covered": 100.0, "percent_statements_covered_display": "100"}, "missing_lines": [], "excluded_lines": [], "start_line": 149}, "Runner._handle_slash": {"executed_lines": [204, 205, 206, 208, 209, 210, 212, 213, 215, 217, 218, 219, 221, 222, 223, 224, 225, 226, 227, 228, 229, 231, 232, 233, 235, 236, 238, 239, 240, 241], "summary": {"covered_lines": 30, "num_statements": 30, "percent_covered": 100.0, "percent_covered_display": "100", "missing_lines": 0, "excluded_lines": 1, "percent_statements_covered": 100.0, "percent_statements_covered_display": "100"}, "missing_lines": [], "excluded_lines": [247], "start_line": 202}, "Runner._default_agent_fn": {"executed_lines": [], "summary": {"covered_lines": 0, "num_statements": 1, "percent_covered": 0.0, "percent_covered_display": "0", "missing_lines": 1, "excluded_lines": 0, "percent_statements_covered": 0.0, "percent_statements_covered_display": "0"}, "missing_lines": [261], "excluded_lines": [], "start_line": 252}, "": {"executed_lines": [10, 12, 13, 14, 15, 17, 18, 19, 20, 30, 32, 36, 44, 47, 58, 61, 80, 95, 113, 149, 202, 251, 252], "summary": {"covered_lines": 23, "num_statements": 23, "percent_covered": 100.0, "percent_covered_display": "100", "missing_lines": 0, "excluded_lines": 2, "percent_statements_covered": 100.0, "percent_statements_covered_display": "100"}, "missing_lines": [], "excluded_lines": [27, 28], "start_line": 1}}, "classes": {"Runner": {"executed_lines": [69, 70, 71, 72, 73, 74, 75, 76, 82, 83, 84, 85, 86, 87, 88, 89, 90, 91, 97, 98, 104, 105, 106, 107, 108, 109, 115, 116, 117, 118, 121, 122, 124, 125, 126, 127, 128, 131, 132, 133, 134, 135, 136, 137, 138, 145, 151, 154, 155, 156, 157, 160, 163, 164, 165, 169, 172, 173, 178, 181, 184, 190, 198, 204, 205, 206, 208, 209, 210, 212, 213, 215, 217, 218, 219, 221, 222, 223, 224, 225, 226, 227, 228, 229, 231, 232, 233, 235, 236, 238, 239, 240, 241], "summary": {"covered_lines": 93, "num_statements": 98, "percent_covered": 94.89795918367346, "percent_covered_display": "95", "missing_lines": 5, "excluded_lines": 1, "percent_statements_covered": 94.89795918367346, "percent_statements_covered_display": "95"}, "missing_lines": [99, 141, 142, 143, 261], "excluded_lines": [247], "start_line": 58}, "": {"executed_lines": [10, 12, 13, 14, 15, 17, 18, 19, 20, 30, 32, 36, 44, 47, 49, 53, 54, 55, 58, 61, 80, 95, 113, 149, 202, 251, 252], "summary": {"covered_lines": 27, "num_statements": 27, "percent_covered": 100.0, "percent_covered_display": "100", "missing_lines": 0, "excluded_lines": 2, "percent_statements_covered": 100.0, "percent_statements_covered_display": "100"}, "missing_lines": [], "excluded_lines": [27, 28], "start_line": 1}}}, "xiaopaw/session/__init__.py": {"executed_lines": [], "summary": {"covered_lines": 0, "num_statements": 0, "percent_covered": 100.0, "percent_covered_display": "100", "missing_lines": 0, "excluded_lines": 0, "percent_statements_covered": 100.0, "percent_statements_covered_display": "100"}, "missing_lines": [], "excluded_lines": [], "functions": {"": {"executed_lines": [], "summary": {"covered_lines": 0, "num_statements": 0, "percent_covered": 100.0, "percent_covered_display": "100", "missing_lines": 0, "excluded_lines": 0, "percent_statements_covered": 100.0, "percent_statements_covered_display": "100"}, "missing_lines": [], "excluded_lines": [], "start_line": 1}}, "classes": {"": {"executed_lines": [], "summary": {"covered_lines": 0, "num_statements": 0, "percent_covered": 100.0, "percent_covered_display": "100", "missing_lines": 0, "excluded_lines": 0, "percent_statements_covered": 100.0, "percent_statements_covered_display": "100"}, "missing_lines": [], "excluded_lines": [], "start_line": 1}}}, "xiaopaw/session/manager.py": {"executed_lines": [8, 10, 11, 12, 13, 14, 15, 16, 18, 21, 22, 23, 24, 25, 26, 27, 28, 32, 34, 35, 36, 37, 38, 42, 43, 44, 46, 47, 48, 49, 50, 55, 57, 58, 59, 60, 65, 66, 67, 68, 69, 71, 72, 74, 76, 77, 78, 79, 81, 82, 83, 84, 85, 86, 88, 92, 93, 96, 97, 98, 100, 101, 102, 103, 112, 113, 114, 116, 125, 126, 142, 143, 144, 145, 146, 147, 148, 149, 152, 153, 154, 155, 156, 157, 158, 159, 161, 165, 167, 169, 170, 172, 173, 177, 178, 180, 181, 184, 185, 186, 187, 189, 191, 192, 193, 195, 196, 198, 200, 206, 207, 208, 209, 210, 212, 213, 214, 219, 220, 221, 228, 229, 230], "summary": {"covered_lines": 123, "num_statements": 129, "percent_covered": 95.34883720930233, "percent_covered_display": "95", "missing_lines": 6, "excluded_lines": 0, "percent_statements_covered": 95.34883720930233, "percent_statements_covered_display": "95"}, "missing_lines": [53, 80, 94, 99, 163, 182], "excluded_lines": [], "functions": {"SessionManager.__init__": {"executed_lines": [23, 24, 25, 26, 27, 28], "summary": {"covered_lines": 6, "num_statements": 6, "percent_covered": 100.0, "percent_covered_display": "100", "missing_lines": 0, "excluded_lines": 0, "percent_statements_covered": 100.0, "percent_statements_covered_display": "100"}, "missing_lines": [], "excluded_lines": [], "start_line": 22}, "SessionManager.get_or_create": {"executed_lines": [34, 35, 36, 37, 38, 42, 43, 44, 46, 47, 48, 49, 50], "summary": {"covered_lines": 13, "num_statements": 14, "percent_covered": 92.85714285714286, "percent_covered_display": "93", "missing_lines": 1, "excluded_lines": 0, "percent_statements_covered": 92.85714285714286, "percent_statements_covered_display": "93"}, "missing_lines": [53], "excluded_lines": [], "start_line": 32}, "SessionManager.create_new_session": {"executed_lines": [57, 58, 59, 60, 65, 66, 67, 68, 69, 71, 72], "summary": {"covered_lines": 11, "num_statements": 11, "percent_covered": 100.0, "percent_covered_display": "100", "missing_lines": 0, "excluded_lines": 0, "percent_statements_covered": 100.0, "percent_statements_covered_display": "100"}, "missing_lines": [], "excluded_lines": [], "start_line": 55}, "SessionManager.update_verbose": {"executed_lines": [76, 77, 78, 79, 81, 82, 83, 84, 85, 86], "summary": {"covered_lines": 10, "num_statements": 11, "percent_covered": 90.9090909090909, "percent_covered_display": "91", "missing_lines": 1, "excluded_lines": 0, "percent_statements_covered": 90.9090909090909, "percent_statements_covered_display": "91"}, "missing_lines": [80], "excluded_lines": [], "start_line": 74}, "SessionManager.load_history": {"executed_lines": [92, 93, 96, 97, 98, 100, 101, 102, 103, 112, 113, 114], "summary": {"covered_lines": 12, "num_statements": 14, "percent_covered": 85.71428571428571, "percent_covered_display": "86", "missing_lines": 2, "excluded_lines": 0, "percent_statements_covered": 85.71428571428571, "percent_statements_covered_display": "86"}, "missing_lines": [94, 99], "excluded_lines": [], "start_line": 88}, "SessionManager.append": {"executed_lines": [125, 126, 142, 143, 144, 145, 146, 147, 148, 149, 152, 153, 154, 155, 156, 157, 158, 159], "summary": {"covered_lines": 18, "num_statements": 18, "percent_covered": 100.0, "percent_covered_display": "100", "missing_lines": 0, "excluded_lines": 0, "percent_statements_covered": 100.0, "percent_statements_covered_display": "100"}, "missing_lines": [], "excluded_lines": [], "start_line": 116}, "SessionManager.get_session_info": {"executed_lines": [], "summary": {"covered_lines": 0, "num_statements": 1, "percent_covered": 0.0, "percent_covered_display": "0", "missing_lines": 1, "excluded_lines": 0, "percent_statements_covered": 0.0, "percent_statements_covered_display": "0"}, "missing_lines": [163], "excluded_lines": [], "start_line": 161}, "SessionManager.clear_all": {"executed_lines": [167, 169, 170, 172, 173], "summary": {"covered_lines": 5, "num_statements": 5, "percent_covered": 100.0, "percent_covered_display": "100", "missing_lines": 0, "excluded_lines": 0, "percent_statements_covered": 100.0, "percent_statements_covered_display": "100"}, "missing_lines": [], "excluded_lines": [], "start_line": 165}, "SessionManager._ensure_dirs": {"executed_lines": [178, 180, 181], "summary": {"covered_lines": 3, "num_statements": 4, "percent_covered": 75.0, "percent_covered_display": "75", "missing_lines": 1, "excluded_lines": 0, "percent_statements_covered": 75.0, "percent_statements_covered_display": "75"}, "missing_lines": [182], "excluded_lines": [], "start_line": 177}, "SessionManager._read_index": {"executed_lines": [185, 186, 187], "summary": {"covered_lines": 3, "num_statements": 3, "percent_covered": 100.0, "percent_covered_display": "100", "
[...]
_statements_covered": 100.0, "percent_statements_covered_display": "100"}, "missing_lines": [], "excluded_lines": [], "start_line": 1}}, "classes": {"SessionEntry": {"executed_lines": [], "summary": {"covered_lines": 0, "num_statements": 0, "percent_covered": 100.0, "percent_covered_display": "100", "missing_lines": 0, "excluded_lines": 0, "percent_statements_covered": 100.0, "percent_statements_covered_display": "100"}, "missing_lines": [], "excluded_lines": [], "start_line": 9}, "RoutingEntry": {"executed_lines": [], "summary": {"covered_lines": 0, "num_statements": 0, "percent_covered": 100.0, "percent_covered_display": "100", "missing_lines": 0, "excluded_lines": 0, "percent_statements_covered": 100.0, "percent_statements_covered_display": "100"}, "missing_lines": [], "excluded_lines": [], "start_line": 19}, "MessageEntry": {"executed_lines": [], "summary": {"covered_lines": 0, "num_statements": 0, "percent_covered": 100.0, "percent_covered_display": "100", "missing_lines": 0, "excluded_lines": 0, "percent_statements_covered": 100.0, "percent_statements_covered_display": "100"}, "missing_lines": [], "excluded_lines": [], "start_line": 27}, "": {"executed_lines": [3, 5, 8, 9, 12, 13, 14, 15, 18, 19, 22, 23, 26, 27, 30, 31, 32, 33], "summary": {"covered_lines": 18, "num_statements": 18, "percent_covered": 100.0, "percent_covered_display": "100", "missing_lines": 0, "excluded_lines": 0, "percent_statements_covered": 100.0, "percent_statements_covered_display": "100"}, "missing_lines": [], "excluded_lines": [], "start_line": 1}}}, "xiaopaw/tools/__init__.py": {"executed_lines": [1, 3, 4, 5, 7], "summary": {"covered_lines": 5, "num_statements": 5, "percent_covered": 100.0, "percent_covered_display": "100", "missing_lines": 0, "excluded_lines": 0, "percent_statements_covered": 100.0, "percent_statements_covered_display": "100"}, "missing_lines": [], "excluded_lines": [], "functions": {"": {"executed_lines": [1, 3, 4, 5, 7], "summary": {"covered_lines": 5, "num_statements": 5, "percent_covered": 100.0, "percent_covered_display": "100", "missing_lines": 0, "excluded_lines": 0, "percent_statements_covered": 100.0, "percent_statements_covered_display": "100"}, "missing_lines": [], "excluded_lines": [], "start_line": 1}}, "classes": {"": {"executed_lines": [1, 3, 4, 5, 7], "summary": {"covered_lines": 5, "num_statements": 5, "percent_covered": 100.0, "percent_covered_display": "100", "missing_lines": 0, "excluded_lines": 0, "percent_statements_covered": 100.0, "percent_statements_covered_display": "100"}, "missing_lines": [], "excluded_lines": [], "start_line": 1}}}, "xiaopaw/tools/add_image_tool_local.py": {"executed_lines": [9, 11, 12, 13, 14, 15, 17, 18, 19, 21, 24, 26, 29, 32, 38, 43, 44, 45, 46, 47, 48, 49, 55, 60, 61, 62, 65, 66, 67, 69, 70, 71, 74, 75, 76, 78, 79, 82, 83, 84, 85, 86, 87, 88, 89, 90, 91, 92, 93, 94, 97, 100, 101, 106, 108, 113, 116, 117, 119, 120, 122], "summary": {"covered_lines": 61, "num_statements": 61, "percent_covered": 100.0, "percent_covered_display": "100", "missing_lines": 0, "excluded_lines": 3, "percent_statements_covered": 100.0, "percent_statements_covered_display": "100"}, "missing_lines": [], "excluded_lines": [50, 51, 52], "functions": {"_compress_image": {"executed_lines": [43, 44, 45, 46, 47, 48, 49], "summary": {"covered_lines": 7, "num_statements": 7, "percent_covered": 100.0, "percent_covered_display": "100", "missing_lines": 0, "excluded_lines": 3, "percent_statements_covered": 100.0, "percent_statements_covered_display": "100"}, "missing_lines": [], "excluded_lines": [50, 51, 52], "start_line": 38}, "_local_path_to_base64_data_and_compress_url": {"executed_lines": [60, 61, 62, 65, 66, 67, 69, 70, 71, 74, 75, 76, 78, 79, 82, 83, 84, 85, 86, 87, 88, 89, 90, 91, 92, 93, 94], "summary": {"covered_lines": 27, "num_statements": 27, "percent_covered": 100.0, "percent_covered_display": "100", "missing_lines": 0, "excluded_lines": 0, "percent_statements_covered": 100.0, "percent_statements_covered_display": "100"}, "missing_lines": [], "excluded_lines": [], "start_line": 55}, "AddImageToolLocal._run": {"executed_lines": [113, 116, 117, 119, 120, 122], "summary": {"covered_lines": 6, "num_statements": 6, "percent_covered": 100.0, "percent_covered_display": "100", "missing_lines": 0, "excluded_lines": 0, "percent_statements_covered": 100.0, "percent_statements_covered_display": "100"}, "missing_lines": [], "excluded_lines": [], "start_line": 108}, "": {"executed_lines": [9, 11, 12, 13, 14, 15, 17, 18, 19, 21, 24, 26, 29, 32, 38, 55, 97, 100, 101, 106, 108], "summary": {"covered_lines": 21, "num_statements": 21, "percent_covered": 100.0, "percent_covered_display": "100", "missing_lines": 0, "excluded_lines": 0, "percent_statements_covered": 100.0, "percent_statements_covered_display": "100"}, "missing_lines": [], "excluded_lines": [], "start_line": 1}}, "classes": {"AddImageToolLocalSchema": {"executed_lines": [], "summary": {"covered_lines": 0, "num_statements": 0, "percent_covered": 100.0, "percent_covered_display": "100", "missing_lines": 0, "excluded_lines": 0, "percent_statements_covered": 100.0, "percent_statements_covered_display": "100"}, "missing_lines": [], "excluded_lines": [], "start_line": 29}, "AddImageToolLocal": {"executed_lines": [113, 116, 117, 119, 120, 122], "summary": {"covered_lines": 6, "num_statements": 6, "percent_covered": 100.0, "percent_covered_display": "100", "missing_lines": 0, "excluded_lines": 0, "percent_statements_covered": 100.0, "percent_statements_covered_display": "100"}, "missing_lines": [], "excluded_lines": [], "start_line": 97}, "": {"executed_lines": [9, 11, 12, 13, 14, 15, 17, 18, 19, 21, 24, 26, 29, 32, 38, 43, 44, 45, 46, 47, 48, 49, 55, 60, 61, 62, 65, 66, 67, 69, 70, 71, 74, 75, 76, 78, 79, 82, 83, 84, 85, 86, 87, 88, 89, 90, 91, 92, 93, 94, 97, 100, 101, 106, 108], "summary": {"covered_lines": 55, "num_statements": 55, "percent_covered": 100.0, "percent_covered_display": "100", "missing_lines": 0, "excluded_lines": 3, "percent_statements_covered": 100.0, "percent_statements_covered_display": "100"}, "missing_lines": [], "excluded_lines": [50, 51, 52], "start_line": 1}}}, "xiaopaw/tools/baidu_search_tool.py": {"executed_lines": [6, 8, 9, 10, 11, 13, 14, 15, 18, 21, 24, 31, 35, 42, 49, 50, 51, 52, 53, 58, 60, 61, 62, 63, 64, 69, 71, 72, 73, 74, 75, 79, 80, 84, 87, 91, 92, 96, 98, 106, 107, 108, 109, 115, 117, 118, 123, 124, 126, 127, 128, 129, 130, 132, 133, 138, 140, 141, 142, 143, 144, 145, 146, 151, 152, 153, 154, 159, 160, 161, 166, 167, 168, 174, 175, 177, 178, 179, 180, 181, 187, 188, 189, 190, 196, 197, 198, 199, 200, 201, 202, 203, 206, 208], "summary": {"covered_lines": 94, "num_statements": 94, "percent_covered": 100.0, "percent_covered_display": "100", "missing_lines": 0, "excluded_lines": 0, "percent_statements_covered": 100.0, "percent_statements_covered_display": "100"}, "missing_lines": [], "excluded_lines": [], "functions": {"BaiduSearchInput.validate_query": {"executed_lines": [52, 53, 58], "summary": {"covered_lines": 3, "num_statements": 3, "percent_covered": 100.0, "percent_covered_display": "100", "missing_lines": 0, "excluded_lines": 0, "percent_statements_covered": 100.0, "percent_statements_covered_display": "100"}, "missing_lines": [], "excluded_lines": [], "start_line": 51}, "BaiduSearchInput.validate_sites": {"executed_lines": [63, 64, 69], "summary": {"covered_lines": 3, "num_statements": 3, "percent_covered": 100.0, "percent_covered_display": "100", "missing_lines": 0, "excluded_lines": 0, "percent_statements_covered": 100.0, "percent_statements_covered_display": "100"}, "missing_lines": [], "excluded_lines": [], "start_line": 62}, "BaiduSearchInput.validate_top_k": {"executed_lines": [74, 75, 79, 80, 84], "summary": {"covered_lines": 5, "num_statements": 5, "percent_covered": 100.0, "percent_covered_display": "100", "missing_lines": 0, "excluded_lines": 0, "percent_statements_covered": 100.0, "percent_statements_covered_display": "100"}, "missing_lines": [], "excluded_lines": [], "start_line": 73}, "BaiduSearchTool._run": {"executed_lines": [106, 107, 108, 109, 115, 117, 118, 123, 124, 126, 127, 128, 129, 130, 132, 133, 138, 140, 141, 142, 143, 144, 145, 146, 151, 152, 153, 154, 159, 160, 161, 166, 167, 168, 174, 175, 177, 178, 179, 180, 181, 187, 188, 189, 190, 196, 197, 198, 199, 200, 201, 202, 203, 206, 208], "summary": {"covered_lines": 55, "num_statements": 55, "percent_covered": 100.0, "percent_covered_display": "100", "missing_lines": 0, "excluded_lines": 0, "percent_statements_covered": 100.0, "percent_statements_covered_display": "100"}, "missing_lines": [], "excluded_lines": [], "start_line": 98}, "": {"executed_lines": [6, 8, 9, 10, 11, 13, 14, 15, 18, 21, 24, 31, 35, 42, 49, 50, 51, 60, 61, 62, 71, 72, 73, 87, 91, 92, 96, 98], "summary": {"covered_lines": 28, "num_statements": 28, "percent_covered": 100.0, "percent_covered_display": "100", "missing_lines": 0, "excluded_lines": 0, "percent_statements_covered": 100.0, "percent_statements_covered_display": "100"}, "missing_lines": [], "excluded_lines": [], "start_line": 1}}, "classes": {"BaiduSearchInput": {"executed_lines": [52, 53, 58, 63, 64, 69, 74, 75, 79, 80, 84], "summary": {"covered_lines": 11, "num_statements": 11, "percent_covered": 100.0, "percent_covered_display": "100", "missing_lines": 0, "excluded_lines": 0, "percent_statements_covered": 100.0, "percent_statements_covered_display": "100"}, "missing_lines": [], "excluded_lines": [], "start_line": 21}, "BaiduSearchTool": {"executed_lines": [106, 107, 108, 109, 115, 117, 118, 123, 124, 126, 127, 128, 129, 130, 132, 133, 138, 140, 141, 142, 143, 144, 145, 146, 151, 152, 153, 154, 159, 160, 161, 166, 167, 168, 174, 175, 177, 178, 179, 180, 181, 187, 188, 189, 190, 196, 197, 198, 199, 200, 201, 202, 203, 206, 208], "summary": {"covered_lines": 55, "num_statements": 55, "percent_covered": 100.0, "percent_covered_display": "100", "missing_lines": 0, "excluded_lines": 0, "percent_statements_covered": 100.0, "percent_statements_covered_display": "100"}, "missing_lines": [], "excluded_lines": [], "start_line": 87}, "": {"executed_lines": [6, 8, 9, 10, 11, 13, 14, 15, 18, 21, 24, 31, 35, 42, 49, 50, 51, 60, 61, 62, 71, 72, 73, 87, 91, 92, 96, 98], "summary": {"covered_lines": 28, "num_statements": 28, "percent_covered": 100.0, "percent_covered_display": "100", "missing_lines": 0, "excluded_lines": 0, "percent_statements_covered": 100.0, "percent_statements_covered_display": "100"}, "missing_lines": [], "excluded_lines": [], "start_line": 1}}}, "xiaopaw/tools/intermediate_tool.py": {"executed_lines": [7, 9, 10, 12, 13, 16, 19, 28, 29, 30, 32, 33, 34, 35, 36, 37, 38, 41, 44, 47, 48, 52, 54, 61], "summary": {"covered_lines": 24, "num_statements": 26, "percent_covered": 92.3076923076923, "percent_covered_display": "92", "missing_lines": 2, "excluded_lines": 0, "percent_statements_covered": 92.3076923076923, "percent_statements_covered_display": "92"}, "missing_lines": [39, 40], "excluded_lines": [], "functions": {"IntermediateToolSchema.convert_to_string": {"executed_lines": [32, 33, 34, 35, 36, 37, 38, 41], "summary": {"covered_lines": 8, "num_statements": 10, "percent_covered": 80.0, "percent_covered_display": "80", "missing_lines": 2, "excluded_lines": 0, "percent_statements_covered": 80.0, "percent_statements_covered_display": "80"}, "missing_lines": [39, 40], "excluded_lines": [], "start_line": 30}, "IntermediateTool._run": {"executed_lines": [61], "summary": {"covered_lines": 1, "num_statements": 1, "percent_covered": 100.0, "percent_covered_display": "100", "missing_lines": 0, "excluded_lines": 0, "percent_statements_covered": 100.0, "percent_statements_covered_display": "100"}, "missing_lines": [], "excluded_lines": [], "start_line": 54}, "": {"executed_lines": [7, 9, 10, 12, 13, 16, 19, 28, 29, 30, 44, 47, 48, 52, 54], "summary": {"covered_lines": 15, "num_statements": 15, "percent_covered": 100.0, "percent_covered_display": "100", "missing_lines": 0, "excluded_lines": 0, "percent_statements_covered": 100.0, "percent_statements_covered_display": "100"}, "missing_lines": [], "excluded_lines": [], "start_line": 1}}, "classes": {"IntermediateToolSchema": {"executed_lines": [32, 33, 34, 35, 36, 37, 38, 41], "summary": {"covered_lines": 8, "num_statements": 10, "percent_covered": 80.0, "percent_covered_display": "80", "missing_lines": 2, "excluded_lines": 0, "percent_statements_covered": 80.0, "percent_statements_covered_display": "80"}, "missing_lines": [39, 40], "excluded_lines": [], "start_line": 16}, "IntermediateTool": {"executed_lines": [61], "summary": {"covered_lines": 1, "num_statements": 1, "percent_covered": 100.0, "percent_covered_display": "100", "missing_lines": 0, "excluded_lines": 0, "percent_statements_covered": 100.0, "percent_statements_covered_display": "100"}, "missing_lines": [], "excluded_lines": [], "start_line": 44}, "": {"executed_lines": [7, 9, 10, 12, 13, 16, 19, 28, 29, 30, 44, 47, 48, 52, 54], "summary": {"covered_lines": 15, "num_statements": 15, "percent_covered": 100.0, "percent_covered_display": "100", "missing_lines": 0, "excluded_lines": 0, "percent_statements_covered": 100.0, "percent_statements_covered_display": "100"}, "missing_lines": [], "excluded_lines": [], "start_line": 1}}}, "xiaopaw/tools/skill_loader.py": {"executed_lines": [23, 25, 26, 27, 28, 29, 30, 31, 33, 34, 35, 37, 39, 44, 47, 53, 54, 57, 75, 76, 77, 79, 80, 81, 82, 83, 84, 91, 94, 95, 96, 99, 100, 101, 102, 104, 105, 106, 108, 109, 110, 111, 115, 121, 122, 123, 126, 128, 129, 130, 138, 139, 141, 142, 143, 144, 145, 146, 149, 150, 156, 157, 158, 159, 161, 162, 164, 168, 175, 177, 178, 187, 189, 190, 191, 192, 193, 196, 197, 198, 199, 203, 209, 210, 212, 213, 215, 218, 219, 222, 242, 243, 244, 248, 250, 251, 253, 255, 259, 264, 266, 267, 273, 277, 282, 283, 284, 289, 293, 299, 300, 301, 307, 308, 312], "summary": {"covered_lines": 115, "num_statements": 126, "percent_covered": 91.26984126984127, "percent_covered_display": "91", "missing_lines": 11, "excluded_lines": 0, "percent_statements_covered": 91.26984126984127, "percent_statements_covered_display": "91"}, "missing_lines": [85, 131, 133, 134, 135, 136, 151, 154, 194, 195, 265], "excluded_lines": [], "functions": {"SkillLoaderInput.task_context_to_str": {"executed_lines": [79, 80, 81, 82, 83, 84], "summary": {"covered_lines": 6, "num_statements": 7, "percent_covered": 85.71428571428571, "percent_covered_display": "86", "missing_lines": 1, "excluded_lines": 0, "percent_statements_covered": 85.71428571428571, "percent_statements_covered_display": "86"}, "missing_lines": [85], "excluded_lines": [], "start_line": 77}, "SkillLoaderTool.__init__": {"executed_lines": [105, 106, 108, 109, 110, 111], "summary": {"covered_lines": 6, "num_statements": 6, "percent_covered": 100.0, "percent_covered_display": "100", "missing_lines": 0, "excluded_lines": 0, "percent_statements_covered": 100.0, "percent_statements_covered_display": "100"}, "missing_lines": [], "excluded_lines": [], "start_line": 104}, "SkillLoaderTool._build_description": {"executed_lines": [121, 122, 123, 126, 128, 129, 130, 138, 139, 141, 142, 143, 144, 145, 146, 149, 150, 156, 157, 158, 159, 161, 162, 164, 168, 175, 177, 178], "summary": {"covered_lines": 28, "num_statements": 35, "percent_covered": 80.0, "percent_covered_display": "80", "missing_lines": 7, "excluded_lines": 0, "percent_statements_covered": 80.0, "percent_statements_covered_display": "80"}, "missing_lines": [131, 133, 134, 135, 136, 151, 154], "excluded_lines": [], "start_line": 115}, "SkillLoaderTool._extract_frontmatter_description": {"executed_lines": [189, 190, 191, 192, 193, 196, 197, 198, 199], "summary": {"covered_lines": 9, "num_statements": 11, "percent_covered": 81.81818181818181, "percent_covered_display": "82", "missing_lines": 2, "excluded_lines": 0, "percent_statements_covered": 81.81818181818181, "percent_statements_covered_display": "82"}, "missing_lines": [194, 195], "excluded_lines": [], "start_line": 187}, "SkillLoaderTool._get_skill_instructions": {"executed_lines": [209, 210, 212, 213, 215, 218, 219, 222, 242, 243, 244], "summary": {"covered_lines": 11, "num_statements": 11, "percent_covered": 100.0, "percent_covered_display": "100", "missing_lines": 0, "excluded_lines": 0, "percent_statements_covered": 100.0, "percent_statements_covered_display": "100"}, "missing_lines": [], "excluded_lines": [], "start_line": 203}, "SkillLoaderTool._execute_skill_async": {"executed_lines": [250, 251, 253, 255, 259, 264, 266, 267, 273], "summary": {"covered_lines": 9, "num_statements": 10, "percent_covered": 90.0, "percent_covered_display": "90", "missing_lines": 1, "excluded_lines": 0, "percent_statements_covered": 90.0, "percent_statements_covered_display": "90"}, "missing_lines": [265], "excluded_lines": [], "start_line": 248}, "SkillLoaderTool._arun": {"executed_lines": [282, 283, 284, 289], "summary": {"covered_lines": 4, "num_statements": 4, "percent_covered": 100.0, "percent_covered_display": "100", "missing_lines": 0, "excluded_lines": 0, "percent_statements_covered": 100.0, "percent_statements_covered_display": "100"}, "missing_lines": [], "excluded_lines": [], "start_line": 277}, "SkillLoaderTool._run": {"executed_lines": [299, 300, 301, 307, 308, 312], "summary": {"covered_lines": 6, "num_statements": 6, "percent_covered": 100.0, "percent_covered_display": "100", "missing_lines": 0, "excluded_lines": 0, "percent_statements_covered": 100.0, "percent_statements_covered_display": "100"}, "missing_lines": [], "excluded_lines": [], "start_line": 293}, "": {"executed_lines": [23, 25, 26, 27, 28, 29, 30, 31, 33, 34, 35, 37, 39, 44, 47, 53, 54, 57, 75, 76, 77, 91, 94, 95, 96, 99, 100, 101, 102, 104, 115, 187, 203, 248, 277, 293], "summary": {"covered_lines": 36, "num_statements": 36, "percent_covered": 100.0, "percent_covered_display": "100", "missing_lines": 0, "excluded_lines": 0, "percent_statements_covered": 100.0, "percent_statements_covered_display": "100"}, "missing_lines": [], "excluded_lines": [], "start_line": 1}}, "classes": {"SkillLoaderInput": {"executed_lines": [79, 80, 81, 82, 83, 84], "summary": {"covered_lines": 6, "num_statements": 7, "percent_covered": 85.71428571428571, "percent_covered_display": "86", "missing_lines": 1, "excluded_lines": 0, "percent_statements_covered": 85.71428571428571, "percent_statements_covered_display": "86"}, "missing_lines": [85], "excluded_lines": [], "start_line": 53}, "SkillLoaderTool": {"executed_lines": [105, 106, 108, 109, 110, 111, 121, 122, 123, 126, 128, 129, 130, 138, 139, 141, 142, 143, 144, 145, 146, 149, 150, 156, 157, 158, 159, 161, 162, 164, 168, 175, 177, 178, 189, 190, 191, 192, 193, 196, 197, 198, 199, 209, 210, 212, 213, 215, 218, 219, 222, 242, 243, 244, 250, 251, 253, 255, 259, 264, 266, 267, 273, 282, 283, 284, 289, 299, 300, 301, 307, 308, 312], "summary": {"covered_lines": 73, "num_statements": 83, "percent_covered": 87.95180722891567, "percent_covered_display": "88", "missing_lines": 10, "excluded_lines": 0, "percent_statements_covered": 87.95180722891567, "percent_statements_covered_display": "88"}, "missing_lines": [131, 133, 134, 135, 136, 151, 154, 194, 195, 265], "excluded_lines": [], "start_line": 91}, "": {"executed_lines": [23, 25, 26, 27, 28, 29, 30, 31, 33, 34, 35, 37, 39, 44, 47, 53, 54, 57, 75, 76, 77, 91, 94, 95, 96, 99, 100, 101, 102, 104, 115, 187, 203, 248, 277, 293], "summary": {"covered_lines": 36, "num_statements": 36, "percent_covered": 100.0, "percent_covered_display": "100", "missing_lines": 0, "excluded_lines": 0, "percent_statements_covered": 100.0, "percent_statements_covered_display": "100"}, "missing_lines": [], "excluded_lines": [], "start_line": 1}}}}, "totals": {"covered_lines": 1324, "num_statements": 1590, "percent_covered": 83.27044025157232, "percent_covered_display": "83", "missing_lines": 266, "excluded_lines": 20, "percent_statements_covered": 83.27044025157232, "percent_statements_covered_display": "83"}}